This file contains any messages produced by compilers while
running configure, to aid debugging if configure makes a mistake.

It was created by libuuid configure 1.0.3, which was
generated by GNU Autoconf 2.69.  Invocation command line was

  $ ./configure --prefix=/home/kevin/workspace/1.code/gateway/code/Dalitek-IOT-GW/build/arm/usr --host=arm

## --------- ##
## Platform. ##
## --------- ##

hostname = kevin-vm
uname -m = i686
uname -r = 4.4.0-96-generic
uname -s = Linux
uname -v = #119~14.04.1-Ubuntu SMP Wed Sep 13 08:42:48 UTC 2017

/usr/bin/uname -p = unknown
/bin/uname -X     = unknown

/bin/arch              = unknown
/usr/bin/arch -k       = unknown
/usr/convex/getsysinfo = unknown
/usr/bin/hostinfo      = unknown
/bin/machine           = unknown
/usr/bin/oslevel       = unknown
/bin/universe          = unknown

PATH: /usr/local/sbin
PATH: /usr/local/bin
PATH: /usr/sbin
PATH: /usr/bin
PATH: /sbin
PATH: /bin
PATH: /usr/games
PATH: /usr/local/games
PATH: /opt/gcc-linaro-arm-linux-gnueabihf-4.9/bin


## ----------- ##
## Core tests. ##
## ----------- ##

configure:2486: checking for a BSD-compatible install
configure:2554: result: /usr/bin/install -c
configure:2565: checking whether build environment is sane
configure:2620: result: yes
configure:2679: checking for arm-strip
configure:2709: result: no
configure:2719: checking for strip
configure:2735: found /usr/bin/strip
configure:2746: result: strip
configure:2771: checking for a thread-safe mkdir -p
configure:2810: result: /bin/mkdir -p
configure:2817: checking for gawk
configure:2833: found /usr/bin/gawk
configure:2844: result: gawk
configure:2855: checking whether make sets $(MAKE)
configure:2877: result: yes
configure:2906: checking whether make supports nested variables
configure:2923: result: yes
configure:3031: checking build system type
configure:3045: result: i686-pc-linux-gnu
configure:3065: checking host system type
configure:3078: result: arm-unknown-none
configure:3119: checking how to print strings
configure:3146: result: printf
configure:3179: checking for style of include used by make
configure:3207: result: GNU
configure:3238: checking for arm-gcc
configure:3265: result: arm-linux-gnueabihf-gcc
configure:3534: checking for C compiler version
configure:3543: arm-linux-gnueabihf-gcc --version >&5
arm-linux-gnueabihf-gcc (crosstool-NG linaro-1.13.1-4.9-2014.07 - Linaro GCC 4.9-2014.07) 4.9.1 20140710 (prerelease)
Copyright (C) 2014 Free Software Foundation, Inc.
This is free software; see the source for copying conditions.  There is NO
warranty; not even for MERCHANTABILITY or FITNESS FOR A PARTICULAR PURPOSE.

configure:3554: $? = 0
configure:3543: arm-linux-gnueabihf-gcc -v >&5
Using built-in specs.
COLLECT_GCC=arm-linux-gnueabihf-gcc
COLLECT_LTO_WRAPPER=/opt/gcc-linaro-arm-linux-gnueabihf-4.9/bin/../libexec/gcc/arm-linux-gnueabihf/4.9.1/lto-wrapper
Target: arm-linux-gnueabihf
Configured with: /cbuild/slaves/oorts/crosstool-ng/builds/arm-linux-gnueabihf-linux/.build/src/gcc-linaro-4.9-2014.07/configure --build=i686-build_pc-linux-gnu --host=i686-build_pc-linux-gnu --target=arm-linux-gnueabihf --prefix=/cbuild/slaves/oorts/crosstool-ng/builds/arm-linux-gnueabihf-linux/install --with-sysroot=/cbuild/slaves/oorts/crosstool-ng/builds/arm-linux-gnueabihf-linux/install/arm-linux-gnueabihf/libc --enable-languages=c,c++,fortran --disable-multilib --enable-multiarch --with-arch=armv7-a --with-tune=cortex-a9 --with-fpu=vfpv3-d16 --with-float=hard --with-pkgversion='crosstool-NG linaro-1.13.1-4.9-2014.07 - Linaro GCC 4.9-2014.07' --with-bugurl=https://bugs.launchpad.net/gcc-linaro --enable-__cxa_atexit --enable-libmudflap --enable-libgomp --enable-libssp --with-gmp=/cbuild/slaves/oorts/crosstool-ng/builds/arm-linux-gnueabihf-linux/.build/arm-linux-gnueabihf/build/static --with-mpfr=/cbuild/slaves/oorts/crosstool-ng/builds/arm-linux-gnueabihf-linux/.build/arm-linux-gnueabihf/build/static --with-mpc=/cbuild/slaves/oorts/crosstool-ng/builds/arm-linux-gnueabihf-linux/.build/arm-linux-gnueabihf/build/static --with-isl=/cbuild/slaves/oorts/crosstool-ng/builds/arm-linux-gnueabihf-linux/.build/arm-linux-gnueabihf/build/static --with-cloog=/cbuild/slaves/oorts/crosstool-ng/builds/arm-linux-gnueabihf-linux/.build/arm-linux-gnueabihf/build/static --with-libelf=/cbuild/slaves/oorts/crosstool-ng/builds/arm-linux-gnueabihf-linux/.build/arm-linux-gnueabihf/build/static --enable-threads=posix --disable-libstdcxx-pch --enable-linker-build-id --enable-plugin --enable-gold --with-local-prefix=/cbuild/slaves/oorts/crosstool-ng/builds/arm-linux-gnueabihf-linux/install/arm-linux-gnueabihf/libc --enable-c99 --enable-long-long --with-mode=thumb --disable-multilib --with-float=hard
Thread model: posix
gcc version 4.9.1 20140710 (prerelease) (crosstool-NG linaro-1.13.1-4.9-2014.07 - Linaro GCC 4.9-2014.07) 
configure:3554: $? = 0
configure:3543: arm-linux-gnueabihf-gcc -V >&5
arm-linux-gnueabihf-gcc: error: unrecognized command line option '-V'
arm-linux-gnueabihf-gcc: fatal error: no input files
compilation terminated.
configure:3554: $? = 1
configure:3543: arm-linux-gnueabihf-gcc -qversion >&5
arm-linux-gnueabihf-gcc: error: unrecognized command line option '-qversion'
arm-linux-gnueabihf-gcc: fatal error: no input files
compilation terminated.
configure:3554: $? = 1
configure:3574: checking whether the C compiler works
configure:3596: arm-linux-gnueabihf-gcc    conftest.c  >&5
configure:3600: $? = 0
configure:3648: result: yes
configure:3651: checking for C compiler default output file name
configure:3653: result: a.out
configure:3659: checking for suffix of executables
configure:3666: arm-linux-gnueabihf-gcc -o conftest    conftest.c  >&5
configure:3670: $? = 0
configure:3692: result: 
configure:3714: checking whether we are cross compiling
configure:3722: arm-linux-gnueabihf-gcc -o conftest    conftest.c  >&5
configure:3726: $? = 0
configure:3733: ./conftest
/lib/ld-linux-armhf.so.3: No such file or directory
configure:3737: $? = 255
configure:3752: result: yes
configure:3757: checking for suffix of object files
configure:3779: arm-linux-gnueabihf-gcc -c   conftest.c >&5
configure:3783: $? = 0
configure:3804: result: o
configure:3808: checking whether we are using the GNU C compiler
configure:3827: arm-linux-gnueabihf-gcc -c   conftest.c >&5
configure:3827: $? = 0
configure:3836: result: yes
configure:3845: checking whether arm-linux-gnueabihf-gcc accepts -g
configure:3865: arm-linux-gnueabihf-gcc -c -g  conftest.c >&5
configure:3865: $? = 0
configure:3906: result: yes
configure:3923: checking for arm-linux-gnueabihf-gcc option to accept ISO C89
configure:3986: arm-linux-gnueabihf-gcc  -c -g -O2  conftest.c >&5
configure:3986: $? = 0
configure:3999: result: none needed
configure:4021: checking dependency style of arm-linux-gnueabihf-gcc
configure:4132: result: gcc3
configure:4147: checking for a sed that does not truncate output
configure:4211: result: /bin/sed
configure:4229: checking for grep that handles long lines and -e
configure:4287: result: /bin/grep
configure:4292: checking for egrep
configure:4354: result: /bin/grep -E
configure:4359: checking for fgrep
configure:4421: result: /bin/grep -F
configure:4456: checking for ld used by arm-linux-gnueabihf-gcc
configure:4523: result: /opt/gcc-linaro-arm-linux-gnueabihf-4.9/arm-linux-gnueabihf/bin/ld
configure:4530: checking if the linker (/opt/gcc-linaro-arm-linux-gnueabihf-4.9/arm-linux-gnueabihf/bin/ld) is GNU ld
configure:4545: result: yes
configure:4557: checking for BSD- or MS-compatible name lister (nm)
configure:4606: result: no
configure:4620: checking for arm-dumpbin
configure:4650: result: no
configure:4620: checking for arm-link
configure:4650: result: no
configure:4664: checking for dumpbin
configure:4694: result: no
configure:4664: checking for link
configure:4680: found /usr/bin/link
configure:4691: result: link -dump
configure:4707: WARNING: using cross tools not prefixed with host triplet
configure:4736: checking the name lister (nm) interface
configure:4743: arm-linux-gnueabihf-gcc -c -g -O2  conftest.c >&5
configure:4746: nm "conftest.o"
configure:4749: output
00000000 b $d
00000000 B some_variable
configure:4756: result: BSD nm
configure:4759: checking whether ln -s works
configure:4763: result: yes
configure:4771: checking the maximum length of command line arguments
configure:4901: result: 1572864
configure:4918: checking whether the shell understands some XSI constructs
configure:4928: result: yes
configure:4932: checking whether the shell understands "+="
configure:4938: result: yes
configure:4973: checking how to convert i686-pc-linux-gnu file names to arm-unknown-none format
configure:5013: result: func_convert_file_noop
configure:5020: checking how to convert i686-pc-linux-gnu file names to toolchain format
configure:5040: result: func_convert_file_noop
configure:5047: checking for /opt/gcc-linaro-arm-linux-gnueabihf-4.9/arm-linux-gnueabihf/bin/ld option to reload object files
configure:5054: result: -r
configure:5088: checking for arm-objdump
configure:5118: result: no
configure:5128: checking for objdump
configure:5144: found /usr/bin/objdump
configure:5155: result: objdump
configure:5187: checking how to recognize dependent libraries
configure:5389: result: unknown
configure:5434: checking for arm-dlltool
configure:5464: result: no
configure:5474: checking for dlltool
configure:5504: result: no
configure:5534: checking how to associate runtime and link libraries
configure:5561: result: printf %s\n
configure:5578: checking for arm-ar
configure:5608: result: no
configure:5622: checking for ar
configure:5638: found /usr/bin/ar
configure:5649: result: ar
configure:5686: checking for archiver @FILE support
configure:5703: arm-linux-gnueabihf-gcc -c -g -O2  conftest.c >&5
configure:5703: $? = 0
configure:5706: ar cru libconftest.a @conftest.lst >&5
configure:5709: $? = 0
configure:5714: ar cru libconftest.a @conftest.lst >&5
ar: conftest.o: No such file or directory
configure:5717: $? = 1
configure:5729: result: @
configure:5747: checking for arm-strip
configure:5774: result: strip
configure:5846: checking for arm-ranlib
configure:5876: result: no
configure:5886: checking for ranlib
configure:5902: found /usr/bin/ranlib
configure:5913: result: ranlib
configure:6015: checking command to parse nm output from arm-linux-gnueabihf-gcc object
configure:6135: arm-linux-gnueabihf-gcc -c -g -O2  conftest.c >&5
configure:6138: $? = 0
configure:6142: nm conftest.o \| sed -n -e 's/^.*[ ]\([ABCDGIRSTW][ABCDGIRSTW]*\)[ ][ ]*\([_A-Za-z][_A-Za-z0-9]*\)$/\1 \2 \2/p' | sed '/ __gnu_lto/d' \> conftest.nm
configure:6145: $? = 0
configure:6211: arm-linux-gnueabihf-gcc -o conftest -g -O2   conftest.c conftstm.o >&5
configure:6214: $? = 0
configure:6252: result: ok
configure:6289: checking for sysroot
configure:6319: result: no
configure:6535: checking for arm-mt
configure:6565: result: no
configure:6575: checking for mt
configure:6591: found /bin/mt
configure:6602: result: mt
configure:6625: checking if mt is a manifest tool
configure:6631: mt '-?'
configure:6639: result: no
configure:7281: checking how to run the C preprocessor
configure:7312: arm-linux-gnueabihf-gcc -E  conftest.c
configure:7312: $? = 0
configure:7326: arm-linux-gnueabihf-gcc -E  conftest.c
conftest.c:11:28: fatal error: ac_nonexistent.h: No such file or directory
 #include <ac_nonexistent.h>
                            ^
compilation terminated.
configure:7326: $? = 1
configure: failed program was:
| /* confdefs.h */
| #define PACKAGE_NAME "libuuid"
| #define PACKAGE_TARNAME "libuuid"
| #define PACKAGE_VERSION "1.0.3"
| #define PACKAGE_STRING "libuuid 1.0.3"
| #define PACKAGE_BUGREPORT "sloowfranklin@gmail.com"
| #define PACKAGE_URL ""
| #define PACKAGE "libuuid"
| #define VERSION "1.0.3"
| /* end confdefs.h.  */
| #include <ac_nonexistent.h>
configure:7351: result: arm-linux-gnueabihf-gcc -E
configure:7371: arm-linux-gnueabihf-gcc -E  conftest.c
configure:7371: $? = 0
configure:7385: arm-linux-gnueabihf-gcc -E  conftest.c
conftest.c:11:28: fatal error: ac_nonexistent.h: No such file or directory
 #include <ac_nonexistent.h>
                            ^
compilation terminated.
configure:7385: $? = 1
configure: failed program was:
| /* confdefs.h */
| #define PACKAGE_NAME "libuuid"
| #define PACKAGE_TARNAME "libuuid"
| #define PACKAGE_VERSION "1.0.3"
| #define PACKAGE_STRING "libuuid 1.0.3"
| #define PACKAGE_BUGREPORT "sloowfranklin@gmail.com"
| #define PACKAGE_URL ""
| #define PACKAGE "libuuid"
| #define VERSION "1.0.3"
| /* end confdefs.h.  */
| #include <ac_nonexistent.h>
configure:7414: checking for ANSI C header files
configure:7434: arm-linux-gnueabihf-gcc -c -g -O2  conftest.c >&5
configure:7434: $? = 0
configure:7518: result: yes
configure:7531: checking for sys/types.h
configure:7531: arm-linux-gnueabihf-gcc -c -g -O2  conftest.c >&5
configure:7531: $? = 0
configure:7531: result: yes
configure:7531: checking for sys/stat.h
configure:7531: arm-linux-gnueabihf-gcc -c -g -O2  conftest.c >&5
configure:7531: $? = 0
configure:7531: result: yes
configure:7531: checking for stdlib.h
configure:7531: arm-linux-gnueabihf-gcc -c -g -O2  conftest.c >&5
configure:7531: $? = 0
configure:7531: result: yes
configure:7531: checking for string.h
configure:7531: arm-linux-gnueabihf-gcc -c -g -O2  conftest.c >&5
configure:7531: $? = 0
configure:7531: result: yes
configure:7531: checking for memory.h
configure:7531: arm-linux-gnueabihf-gcc -c -g -O2  conftest.c >&5
configure:7531: $? = 0
configure:7531: result: yes
configure:7531: checking for strings.h
configure:7531: arm-linux-gnueabihf-gcc -c -g -O2  conftest.c >&5
configure:7531: $? = 0
configure:7531: result: yes
configure:7531: checking for inttypes.h
configure:7531: arm-linux-gnueabihf-gcc -c -g -O2  conftest.c >&5
configure:7531: $? = 0
configure:7531: result: yes
configure:7531: checking for stdint.h
configure:7531: arm-linux-gnueabihf-gcc -c -g -O2  conftest.c >&5
configure:7531: $? = 0
configure:7531: result: yes
configure:7531: checking for unistd.h
configure:7531: arm-linux-gnueabihf-gcc -c -g -O2  conftest.c >&5
configure:7531: $? = 0
configure:7531: result: yes
configure:7545: checking for dlfcn.h
configure:7545: arm-linux-gnueabihf-gcc -c -g -O2  conftest.c >&5
configure:7545: $? = 0
configure:7545: result: yes
configure:7751: checking for objdir
configure:7766: result: .libs
configure:8033: checking if arm-linux-gnueabihf-gcc supports -fno-rtti -fno-exceptions
configure:8051: arm-linux-gnueabihf-gcc -c -g -O2  -fno-rtti -fno-exceptions conftest.c >&5
cc1: warning: command line option '-fno-rtti' is valid for C++/ObjC++ but not for C
configure:8055: $? = 0
configure:8068: result: no
configure:8395: checking for arm-linux-gnueabihf-gcc option to produce PIC
configure:8402: result: -fPIC -DPIC
configure:8410: checking if arm-linux-gnueabihf-gcc PIC flag -fPIC -DPIC works
configure:8428: arm-linux-gnueabihf-gcc -c -g -O2  -fPIC -DPIC -DPIC conftest.c >&5
configure:8432: $? = 0
configure:8445: result: yes
configure:8474: checking if arm-linux-gnueabihf-gcc static flag -static works
configure:8502: result: yes
configure:8517: checking if arm-linux-gnueabihf-gcc supports -c -o file.o
configure:8538: arm-linux-gnueabihf-gcc -c -g -O2  -o out/conftest2.o conftest.c >&5
configure:8542: $? = 0
configure:8564: result: yes
configure:8572: checking if arm-linux-gnueabihf-gcc supports -c -o file.o
configure:8619: result: yes
configure:8652: checking whether the arm-linux-gnueabihf-gcc linker (/opt/gcc-linaro-arm-linux-gnueabihf-4.9/arm-linux-gnueabihf/bin/ld) supports shared libraries
configure:9805: result: yes
configure:9842: checking whether -lc should be explicitly linked in
configure:9850: arm-linux-gnueabihf-gcc -c -g -O2  conftest.c >&5
configure:9853: $? = 0
configure:9868: arm-linux-gnueabihf-gcc -shared  -fPIC -DPIC conftest.o  -v -Wl,-soname -Wl,conftest -o conftest 2\>\&1 \| /bin/grep  -lc  \>/dev/null 2\>\&1
configure:9871: $? = 0
configure:9885: result: no
configure:10045: checking dynamic linker characteristics
configure:10778: result: no
configure:10885: checking how to hardcode library paths into programs
configure:10910: result: immediate
configure:11450: checking whether stripping libraries is possible
configure:11455: result: yes
configure:11490: checking if libtool supports shared libraries
configure:11492: result: no
configure:11495: checking whether to build shared libraries
configure:11516: result: no
configure:11519: checking whether to build static libraries
configure:11523: result: yes
configure:11570: checking for arm-gcc
configure:11597: result: arm-linux-gnueabihf-gcc
configure:11866: checking for C compiler version
configure:11875: arm-linux-gnueabihf-gcc --version >&5
arm-linux-gnueabihf-gcc (crosstool-NG linaro-1.13.1-4.9-2014.07 - Linaro GCC 4.9-2014.07) 4.9.1 20140710 (prerelease)
Copyright (C) 2014 Free Software Foundation, Inc.
This is free software; see the source for copying conditions.  There is NO
warranty; not even for MERCHANTABILITY or FITNESS FOR A PARTICULAR PURPOSE.

configure:11886: $? = 0
configure:11875: arm-linux-gnueabihf-gcc -v >&5
Using built-in specs.
COLLECT_GCC=arm-linux-gnueabihf-gcc
COLLECT_LTO_WRAPPER=/opt/gcc-linaro-arm-linux-gnueabihf-4.9/bin/../libexec/gcc/arm-linux-gnueabihf/4.9.1/lto-wrapper
Target: arm-linux-gnueabihf
Configured with: /cbuild/slaves/oorts/crosstool-ng/builds/arm-linux-gnueabihf-linux/.build/src/gcc-linaro-4.9-2014.07/configure --build=i686-build_pc-linux-gnu --host=i686-build_pc-linux-gnu --target=arm-linux-gnueabihf --prefix=/cbuild/slaves/oorts/crosstool-ng/builds/arm-linux-gnueabihf-linux/install --with-sysroot=/cbuild/slaves/oorts/crosstool-ng/builds/arm-linux-gnueabihf-linux/install/arm-linux-gnueabihf/libc --enable-languages=c,c++,fortran --disable-multilib --enable-multiarch --with-arch=armv7-a --with-tune=cortex-a9 --with-fpu=vfpv3-d16 --with-float=hard --with-pkgversion='crosstool-NG linaro-1.13.1-4.9-2014.07 - Linaro GCC 4.9-2014.07' --with-bugurl=https://bugs.launchpad.net/gcc-linaro --enable-__cxa_atexit --enable-libmudflap --enable-libgomp --enable-libssp --with-gmp=/cbuild/slaves/oorts/crosstool-ng/builds/arm-linux-gnueabihf-linux/.build/arm-linux-gnueabihf/build/static --with-mpfr=/cbuild/slaves/oorts/crosstool-ng/builds/arm-linux-gnueabihf-linux/.build/arm-linux-gnueabihf/build/static --with-mpc=/cbuild/slaves/oorts/crosstool-ng/builds/arm-linux-gnueabihf-linux/.build/arm-linux-gnueabihf/build/static --with-isl=/cbuild/slaves/oorts/crosstool-ng/builds/arm-linux-gnueabihf-linux/.build/arm-linux-gnueabihf/build/static --with-cloog=/cbuild/slaves/oorts/crosstool-ng/builds/arm-linux-gnueabihf-linux/.build/arm-linux-gnueabihf/build/static --with-libelf=/cbuild/slaves/oorts/crosstool-ng/builds/arm-linux-gnueabihf-linux/.build/arm-linux-gnueabihf/build/static --enable-threads=posix --disable-libstdcxx-pch --enable-linker-build-id --enable-plugin --enable-gold --with-local-prefix=/cbuild/slaves/oorts/crosstool-ng/builds/arm-linux-gnueabihf-linux/install/arm-linux-gnueabihf/libc --enable-c99 --enable-long-long --with-mode=thumb --disable-multilib --with-float=hard
Thread model: posix
gcc version 4.9.1 20140710 (prerelease) (crosstool-NG linaro-1.13.1-4.9-2014.07 - Linaro GCC 4.9-2014.07) 
configure:11886: $? = 0
configure:11875: arm-linux-gnueabihf-gcc -V >&5
arm-linux-gnueabihf-gcc: error: unrecognized command line option '-V'
arm-linux-gnueabihf-gcc: fatal error: no input files
compilation terminated.
configure:11886: $? = 1
configure:11875: arm-linux-gnueabihf-gcc -qversion >&5
arm-linux-gnueabihf-gcc: error: unrecognized command line option '-qversion'
arm-linux-gnueabihf-gcc: fatal error: no input files
compilation terminated.
configure:11886: $? = 1
configure:11890: checking whether we are using the GNU C compiler
configure:11918: result: yes
configure:11927: checking whether arm-linux-gnueabihf-gcc accepts -g
configure:11988: result: yes
configure:12005: checking for arm-linux-gnueabihf-gcc option to accept ISO C89
configure:12081: result: none needed
configure:12103: checking dependency style of arm-linux-gnueabihf-gcc
configure:12214: result: gcc3
configure:12233: checking for library containing socket
configure:12264: arm-linux-gnueabihf-gcc -o conftest -g -O2   conftest.c  >&5
configure:12264: $? = 0
configure:12281: result: none required
configure:12297: checking fcntl.h usability
configure:12297: arm-linux-gnueabihf-gcc -c -g -O2  conftest.c >&5
configure:12297: $? = 0
configure:12297: result: yes
configure:12297: checking fcntl.h presence
configure:12297: arm-linux-gnueabihf-gcc -E  conftest.c
configure:12297: $? = 0
configure:12297: result: yes
configure:12297: checking for fcntl.h
configure:12297: result: yes
configure:12297: checking for inttypes.h
configure:12297: result: yes
configure:12297: checking limits.h usability
configure:12297: arm-linux-gnueabihf-gcc -c -g -O2  conftest.c >&5
configure:12297: $? = 0
configure:12297: result: yes
configure:12297: checking limits.h presence
configure:12297: arm-linux-gnueabihf-gcc -E  conftest.c
configure:12297: $? = 0
configure:12297: result: yes
configure:12297: checking for limits.h
configure:12297: result: yes
configure:12297: checking netinet/in.h usability
configure:12297: arm-linux-gnueabihf-gcc -c -g -O2  conftest.c >&5
configure:12297: $? = 0
configure:12297: result: yes
configure:12297: checking netinet/in.h presence
configure:12297: arm-linux-gnueabihf-gcc -E  conftest.c
configure:12297: $? = 0
configure:12297: result: yes
configure:12297: checking for netinet/in.h
configure:12297: result: yes
configure:12297: checking for stdlib.h
configure:12297: result: yes
configure:12297: checking for string.h
configure:12297: result: yes
configure:12297: checking sys/file.h usability
configure:12297: arm-linux-gnueabihf-gcc -c -g -O2  conftest.c >&5
configure:12297: $? = 0
configure:12297: result: yes
configure:12297: checking sys/file.h presence
configure:12297: arm-linux-gnueabihf-gcc -E  conftest.c
configure:12297: $? = 0
configure:12297: result: yes
configure:12297: checking for sys/file.h
configure:12297: result: yes
configure:12297: checking sys/ioctl.h usability
configure:12297: arm-linux-gnueabihf-gcc -c -g -O2  conftest.c >&5
configure:12297: $? = 0
configure:12297: result: yes
configure:12297: checking sys/ioctl.h presence
configure:12297: arm-linux-gnueabihf-gcc -E  conftest.c
configure:12297: $? = 0
configure:12297: result: yes
configure:12297: checking for sys/ioctl.h
configure:12297: result: yes
configure:12297: checking sys/socket.h usability
configure:12297: arm-linux-gnueabihf-gcc -c -g -O2  conftest.c >&5
configure:12297: $? = 0
configure:12297: result: yes
configure:12297: checking sys/socket.h presence
configure:12297: arm-linux-gnueabihf-gcc -E  conftest.c
configure:12297: $? = 0
configure:12297: result: yes
configure:12297: checking for sys/socket.h
configure:12297: result: yes
configure:12297: checking sys/time.h usability
configure:12297: arm-linux-gnueabihf-gcc -c -g -O2  conftest.c >&5
configure:12297: $? = 0
configure:12297: result: yes
configure:12297: checking sys/time.h presence
configure:12297: arm-linux-gnueabihf-gcc -E  conftest.c
configure:12297: $? = 0
configure:12297: result: yes
configure:12297: checking for sys/time.h
configure:12297: result: yes
configure:12297: checking for unistd.h
configure:12297: result: yes
configure:12307: checking whether _SC_HOST_NAME_MAX is declared
configure:12307: arm-linux-gnueabihf-gcc -c -g -O2  conftest.c >&5
configure:12307: $? = 0
configure:12307: result: yes
configure:12320: checking for int32_t
configure:12320: arm-linux-gnueabihf-gcc -c -g -O2  conftest.c >&5
configure:12320: $? = 0
configure:12320: arm-linux-gnueabihf-gcc -c -g -O2  conftest.c >&5
conftest.c: In function 'main':
conftest.c:73:53: warning: integer overflow in expression [-Woverflow]
    < (int32_t) (((((int32_t) 1 << N) << N) - 1) * 2 + 2))];
                                                     ^
conftest.c:72:12: error: storage size of 'test_array' isn't constant
 static int test_array [1 - 2 * !((int32_t) (((((int32_t) 1 << N) << N) - 1) * 2 + 1)
            ^
configure:12320: $? = 1
configure: failed program was:
| /* confdefs.h */
| #define PACKAGE_NAME "libuuid"
| #define PACKAGE_TARNAME "libuuid"
| #define PACKAGE_VERSION "1.0.3"
| #define PACKAGE_STRING "libuuid 1.0.3"
| #define PACKAGE_BUGREPORT "sloowfranklin@gmail.com"
| #define PACKAGE_URL ""
| #define PACKAGE "libuuid"
| #define VERSION "1.0.3"
| #define STDC_HEADERS 1
| #define HAVE_SYS_TYPES_H 1
| #define HAVE_SYS_STAT_H 1
| #define HAVE_STDLIB_H 1
| #define HAVE_STRING_H 1
| #define HAVE_MEMORY_H 1
| #define HAVE_STRINGS_H 1
| #define HAVE_INTTYPES_H 1
| #define HAVE_STDINT_H 1
| #define HAVE_UNISTD_H 1
| #define HAVE_DLFCN_H 1
| #define LT_OBJDIR ".libs/"
| #define HAVE_FCNTL_H 1
| #define HAVE_INTTYPES_H 1
| #define HAVE_LIMITS_H 1
| #define HAVE_NETINET_IN_H 1
| #define HAVE_STDLIB_H 1
| #define HAVE_STRING_H 1
| #define HAVE_SYS_FILE_H 1
| #define HAVE_SYS_IOCTL_H 1
| #define HAVE_SYS_SOCKET_H 1
| #define HAVE_SYS_TIME_H 1
| #define HAVE_UNISTD_H 1
| #define HAVE_DECL__SC_HOST_NAME_MAX 1
| /* end confdefs.h.  */
| #include <stdio.h>
| #ifdef HAVE_SYS_TYPES_H
| # include <sys/types.h>
| #endif
| #ifdef HAVE_SYS_STAT_H
| # include <sys/stat.h>
| #endif
| #ifdef STDC_HEADERS
| # include <stdlib.h>
| # include <stddef.h>
| #else
| # ifdef HAVE_STDLIB_H
| #  include <stdlib.h>
| # endif
| #endif
| #ifdef HAVE_STRING_H
| # if !defined STDC_HEADERS && defined HAVE_MEMORY_H
| #  include <memory.h>
| # endif
| # include <string.h>
| #endif
| #ifdef HAVE_STRINGS_H
| # include <strings.h>
| #endif
| #ifdef HAVE_INTTYPES_H
| # include <inttypes.h>
| #endif
| #ifdef HAVE_STDINT_H
| # include <stdint.h>
| #endif
| #ifdef HAVE_UNISTD_H
| # include <unistd.h>
| #endif
| 	        enum { N = 32 / 2 - 1 };
| int
| main ()
| {
| static int test_array [1 - 2 * !((int32_t) (((((int32_t) 1 << N) << N) - 1) * 2 + 1)
| 		 < (int32_t) (((((int32_t) 1 << N) << N) - 1) * 2 + 2))];
| test_array [0] = 0;
| return test_array [0];
| 
|   ;
|   return 0;
| }
configure:12320: result: yes
configure:12331: checking for mode_t
configure:12331: arm-linux-gnueabihf-gcc -c -g -O2  conftest.c >&5
configure:12331: $? = 0
configure:12331: arm-linux-gnueabihf-gcc -c -g -O2  conftest.c >&5
conftest.c: In function 'main':
conftest.c:71:21: error: expected expression before ')' token
 if (sizeof ((mode_t)))
                     ^
configure:12331: $? = 1
configure: failed program was:
| /* confdefs.h */
| #define PACKAGE_NAME "libuuid"
| #define PACKAGE_TARNAME "libuuid"
| #define PACKAGE_VERSION "1.0.3"
| #define PACKAGE_STRING "libuuid 1.0.3"
| #define PACKAGE_BUGREPORT "sloowfranklin@gmail.com"
| #define PACKAGE_URL ""
| #define PACKAGE "libuuid"
| #define VERSION "1.0.3"
| #define STDC_HEADERS 1
| #define HAVE_SYS_TYPES_H 1
| #define HAVE_SYS_STAT_H 1
| #define HAVE_STDLIB_H 1
| #define HAVE_STRING_H 1
| #define HAVE_MEMORY_H 1
| #define HAVE_STRINGS_H 1
| #define HAVE_INTTYPES_H 1
| #define HAVE_STDINT_H 1
| #define HAVE_UNISTD_H 1
| #define HAVE_DLFCN_H 1
| #define LT_OBJDIR ".libs/"
| #define HAVE_FCNTL_H 1
| #define HAVE_INTTYPES_H 1
| #define HAVE_LIMITS_H 1
| #define HAVE_NETINET_IN_H 1
| #define HAVE_STDLIB_H 1
| #define HAVE_STRING_H 1
| #define HAVE_SYS_FILE_H 1
| #define HAVE_SYS_IOCTL_H 1
| #define HAVE_SYS_SOCKET_H 1
| #define HAVE_SYS_TIME_H 1
| #define HAVE_UNISTD_H 1
| #define HAVE_DECL__SC_HOST_NAME_MAX 1
| /* end confdefs.h.  */
| #include <stdio.h>
| #ifdef HAVE_SYS_TYPES_H
| # include <sys/types.h>
| #endif
| #ifdef HAVE_SYS_STAT_H
| # include <sys/stat.h>
| #endif
| #ifdef STDC_HEADERS
| # include <stdlib.h>
| # include <stddef.h>
| #else
| # ifdef HAVE_STDLIB_H
| #  include <stdlib.h>
| # endif
| #endif
| #ifdef HAVE_STRING_H
| # if !defined STDC_HEADERS && defined HAVE_MEMORY_H
| #  include <memory.h>
| # endif
| # include <string.h>
| #endif
| #ifdef HAVE_STRINGS_H
| # include <strings.h>
| #endif
| #ifdef HAVE_INTTYPES_H
| # include <inttypes.h>
| #endif
| #ifdef HAVE_STDINT_H
| # include <stdint.h>
| #endif
| #ifdef HAVE_UNISTD_H
| # include <unistd.h>
| #endif
| int
| main ()
| {
| if (sizeof ((mode_t)))
| 	    return 0;
|   ;
|   return 0;
| }
configure:12331: result: yes
configure:12342: checking for size_t
configure:12342: arm-linux-gnueabihf-gcc -c -g -O2  conftest.c >&5
configure:12342: $? = 0
configure:12342: arm-linux-gnueabihf-gcc -c -g -O2  conftest.c >&5
conftest.c: In function 'main':
conftest.c:71:21: error: expected expression before ')' token
 if (sizeof ((size_t)))
                     ^
configure:12342: $? = 1
configure: failed program was:
| /* confdefs.h */
| #define PACKAGE_NAME "libuuid"
| #define PACKAGE_TARNAME "libuuid"
| #define PACKAGE_VERSION "1.0.3"
| #define PACKAGE_STRING "libuuid 1.0.3"
| #define PACKAGE_BUGREPORT "sloowfranklin@gmail.com"
| #define PACKAGE_URL ""
| #define PACKAGE "libuuid"
| #define VERSION "1.0.3"
| #define STDC_HEADERS 1
| #define HAVE_SYS_TYPES_H 1
| #define HAVE_SYS_STAT_H 1
| #define HAVE_STDLIB_H 1
| #define HAVE_STRING_H 1
| #define HAVE_MEMORY_H 1
| #define HAVE_STRINGS_H 1
| #define HAVE_INTTYPES_H 1
| #define HAVE_STDINT_H 1
| #define HAVE_UNISTD_H 1
| #define HAVE_DLFCN_H 1
| #define LT_OBJDIR ".libs/"
| #define HAVE_FCNTL_H 1
| #define HAVE_INTTYPES_H 1
| #define HAVE_LIMITS_H 1
| #define HAVE_NETINET_IN_H 1
| #define HAVE_STDLIB_H 1
| #define HAVE_STRING_H 1
| #define HAVE_SYS_FILE_H 1
| #define HAVE_SYS_IOCTL_H 1
| #define HAVE_SYS_SOCKET_H 1
| #define HAVE_SYS_TIME_H 1
| #define HAVE_UNISTD_H 1
| #define HAVE_DECL__SC_HOST_NAME_MAX 1
| /* end confdefs.h.  */
| #include <stdio.h>
| #ifdef HAVE_SYS_TYPES_H
| # include <sys/types.h>
| #endif
| #ifdef HAVE_SYS_STAT_H
| # include <sys/stat.h>
| #endif
| #ifdef STDC_HEADERS
| # include <stdlib.h>
| # include <stddef.h>
| #else
| # ifdef HAVE_STDLIB_H
| #  include <stdlib.h>
| # endif
| #endif
| #ifdef HAVE_STRING_H
| # if !defined STDC_HEADERS && defined HAVE_MEMORY_H
| #  include <memory.h>
| # endif
| # include <string.h>
| #endif
| #ifdef HAVE_STRINGS_H
| # include <strings.h>
| #endif
| #ifdef HAVE_INTTYPES_H
| # include <inttypes.h>
| #endif
| #ifdef HAVE_STDINT_H
| # include <stdint.h>
| #endif
| #ifdef HAVE_UNISTD_H
| # include <unistd.h>
| #endif
| int
| main ()
| {
| if (sizeof ((size_t)))
| 	    return 0;
|   ;
|   return 0;
| }
configure:12342: result: yes
configure:12353: checking for ssize_t
configure:12353: arm-linux-gnueabihf-gcc -c -g -O2  conftest.c >&5
configure:12353: $? = 0
configure:12353: arm-linux-gnueabihf-gcc -c -g -O2  conftest.c >&5
conftest.c: In function 'main':
conftest.c:71:22: error: expected expression before ')' token
 if (sizeof ((ssize_t)))
                      ^
configure:12353: $? = 1
configure: failed program was:
| /* confdefs.h */
| #define PACKAGE_NAME "libuuid"
| #define PACKAGE_TARNAME "libuuid"
| #define PACKAGE_VERSION "1.0.3"
| #define PACKAGE_STRING "libuuid 1.0.3"
| #define PACKAGE_BUGREPORT "sloowfranklin@gmail.com"
| #define PACKAGE_URL ""
| #define PACKAGE "libuuid"
| #define VERSION "1.0.3"
| #define STDC_HEADERS 1
| #define HAVE_SYS_TYPES_H 1
| #define HAVE_SYS_STAT_H 1
| #define HAVE_STDLIB_H 1
| #define HAVE_STRING_H 1
| #define HAVE_MEMORY_H 1
| #define HAVE_STRINGS_H 1
| #define HAVE_INTTYPES_H 1
| #define HAVE_STDINT_H 1
| #define HAVE_UNISTD_H 1
| #define HAVE_DLFCN_H 1
| #define LT_OBJDIR ".libs/"
| #define HAVE_FCNTL_H 1
| #define HAVE_INTTYPES_H 1
| #define HAVE_LIMITS_H 1
| #define HAVE_NETINET_IN_H 1
| #define HAVE_STDLIB_H 1
| #define HAVE_STRING_H 1
| #define HAVE_SYS_FILE_H 1
| #define HAVE_SYS_IOCTL_H 1
| #define HAVE_SYS_SOCKET_H 1
| #define HAVE_SYS_TIME_H 1
| #define HAVE_UNISTD_H 1
| #define HAVE_DECL__SC_HOST_NAME_MAX 1
| /* end confdefs.h.  */
| #include <stdio.h>
| #ifdef HAVE_SYS_TYPES_H
| # include <sys/types.h>
| #endif
| #ifdef HAVE_SYS_STAT_H
| # include <sys/stat.h>
| #endif
| #ifdef STDC_HEADERS
| # include <stdlib.h>
| # include <stddef.h>
| #else
| # ifdef HAVE_STDLIB_H
| #  include <stdlib.h>
| # endif
| #endif
| #ifdef HAVE_STRING_H
| # if !defined STDC_HEADERS && defined HAVE_MEMORY_H
| #  include <memory.h>
| # endif
| # include <string.h>
| #endif
| #ifdef HAVE_STRINGS_H
| # include <strings.h>
| #endif
| #ifdef HAVE_INTTYPES_H
| # include <inttypes.h>
| #endif
| #ifdef HAVE_STDINT_H
| # include <stdint.h>
| #endif
| #ifdef HAVE_UNISTD_H
| # include <unistd.h>
| #endif
| int
| main ()
| {
| if (sizeof ((ssize_t)))
| 	    return 0;
|   ;
|   return 0;
| }
configure:12353: result: yes
configure:12364: checking for uint16_t
configure:12364: arm-linux-gnueabihf-gcc -c -g -O2  conftest.c >&5
configure:12364: $? = 0
configure:12364: result: yes
configure:12376: checking for uint32_t
configure:12376: arm-linux-gnueabihf-gcc -c -g -O2  conftest.c >&5
configure:12376: $? = 0
configure:12376: result: yes
configure:12390: checking for uint64_t
configure:12390: arm-linux-gnueabihf-gcc -c -g -O2  conftest.c >&5
configure:12390: $? = 0
configure:12390: result: yes
configure:12404: checking for uint8_t
configure:12404: arm-linux-gnueabihf-gcc -c -g -O2  conftest.c >&5
configure:12404: $? = 0
configure:12404: result: yes
configure:12423: checking for ftruncate
configure:12423: arm-linux-gnueabihf-gcc -o conftest -g -O2   conftest.c  >&5
configure:12423: $? = 0
configure:12423: result: yes
configure:12423: checking for gettimeofday
configure:12423: arm-linux-gnueabihf-gcc -o conftest -g -O2   conftest.c  >&5
configure:12423: $? = 0
configure:12423: result: yes
configure:12423: checking for memset
configure:12423: arm-linux-gnueabihf-gcc -o conftest -g -O2   conftest.c  >&5
conftest.c:60:6: warning: conflicting types for built-in function 'memset'
 char memset ();
      ^
configure:12423: $? = 0
configure:12423: result: yes
configure:12423: checking for socket
configure:12423: arm-linux-gnueabihf-gcc -o conftest -g -O2   conftest.c  >&5
configure:12423: $? = 0
configure:12423: result: yes
configure:12423: checking for strtoul
configure:12423: arm-linux-gnueabihf-gcc -o conftest -g -O2   conftest.c  >&5
configure:12423: $? = 0
configure:12423: result: yes
configure:12423: checking for usleep
configure:12423: arm-linux-gnueabihf-gcc -o conftest -g -O2   conftest.c  >&5
configure:12423: $? = 0
configure:12423: result: yes
configure:12423: checking for srandom
configure:12423: arm-linux-gnueabihf-gcc -o conftest -g -O2   conftest.c  >&5
configure:12423: $? = 0
configure:12423: result: yes
configure:12556: checking that generated files are newer than configure
configure:12562: result: done
configure:12589: creating ./config.status

## ---------------------- ##
## Running config.status. ##
## ---------------------- ##

This file was extended by libuuid config.status 1.0.3, which was
generated by GNU Autoconf 2.69.  Invocation command line was

  CONFIG_FILES    = 
  CONFIG_HEADERS  = 
  CONFIG_LINKS    = 
  CONFIG_COMMANDS = 
  $ ./config.status 

on kevin-vm

config.status:1100: creating Makefile
config.status:1100: creating uuid.pc
config.status:1100: creating config.h
config.status:1329: executing depfiles commands
config.status:1329: executing libtool commands

## ---------------- ##
## Cache variables. ##
## ---------------- ##

ac_cv_build=i686-pc-linux-gnu
ac_cv_c_compiler_gnu=yes
ac_cv_c_int32_t=yes
ac_cv_c_uint16_t=yes
ac_cv_c_uint32_t=yes
ac_cv_c_uint64_t=yes
ac_cv_c_uint8_t=yes
ac_cv_env_CC_set=set
ac_cv_env_CC_value=arm-linux-gnueabihf-gcc
ac_cv_env_CFLAGS_set=
ac_cv_env_CFLAGS_value=
ac_cv_env_CPPFLAGS_set=
ac_cv_env_CPPFLAGS_value=
ac_cv_env_CPP_set=
ac_cv_env_CPP_value=
ac_cv_env_LDFLAGS_set=
ac_cv_env_LDFLAGS_value=
ac_cv_env_LIBS_set=
ac_cv_env_LIBS_value=
ac_cv_env_build_alias_set=
ac_cv_env_build_alias_value=
ac_cv_env_host_alias_set=set
ac_cv_env_host_alias_value=arm
ac_cv_env_target_alias_set=
ac_cv_env_target_alias_value=
ac_cv_func_ftruncate=yes
ac_cv_func_gettimeofday=yes
ac_cv_func_memset=yes
ac_cv_func_socket=yes
ac_cv_func_srandom=yes
ac_cv_func_strtoul=yes
ac_cv_func_usleep=yes
ac_cv_have_decl__SC_HOST_NAME_MAX=yes
ac_cv_header_dlfcn_h=yes
ac_cv_header_fcntl_h=yes
ac_cv_header_inttypes_h=yes
ac_cv_header_limits_h=yes
ac_cv_header_memory_h=yes
ac_cv_header_netinet_in_h=yes
ac_cv_header_stdc=yes
ac_cv_header_stdint_h=yes
ac_cv_header_stdlib_h=yes
ac_cv_header_string_h=yes
ac_cv_header_strings_h=yes
ac_cv_header_sys_file_h=yes
ac_cv_header_sys_ioctl_h=yes
ac_cv_header_sys_socket_h=yes
ac_cv_header_sys_stat_h=yes
ac_cv_header_sys_time_h=yes
ac_cv_header_sys_types_h=yes
ac_cv_header_unistd_h=yes
ac_cv_host=arm-unknown-none
ac_cv_objext=o
ac_cv_path_EGREP='/bin/grep -E'
ac_cv_path_FGREP='/bin/grep -F'
ac_cv_path_GREP=/bin/grep
ac_cv_path_SED=/bin/sed
ac_cv_path_install='/usr/bin/install -c'
ac_cv_path_mkdir=/bin/mkdir
ac_cv_prog_AWK=gawk
ac_cv_prog_CC=arm-linux-gnueabihf-gcc
ac_cv_prog_CPP='arm-linux-gnueabihf-gcc -E'
ac_cv_prog_STRIP=strip
ac_cv_prog_ac_ct_AR=ar
ac_cv_prog_ac_ct_DUMPBIN='link -dump'
ac_cv_prog_ac_ct_MANIFEST_TOOL=mt
ac_cv_prog_ac_ct_OBJDUMP=objdump
ac_cv_prog_ac_ct_RANLIB=ranlib
ac_cv_prog_ac_ct_STRIP=strip
ac_cv_prog_cc_c89=
ac_cv_prog_cc_g=yes
ac_cv_prog_make_make_set=yes
ac_cv_search_socket='none required'
ac_cv_type_mode_t=yes
ac_cv_type_size_t=yes
ac_cv_type_ssize_t=yes
am_cv_CC_dependencies_compiler_type=gcc3
am_cv_make_support_nested_variables=yes
lt_cv_ar_at_file=@
lt_cv_archive_cmds_need_lc=no
lt_cv_deplibs_check_method=unknown
lt_cv_file_magic_cmd='$MAGIC_CMD'
lt_cv_file_magic_test_file=
lt_cv_ld_reload_flag=-r
lt_cv_nm_interface='BSD nm'
lt_cv_objdir=.libs
lt_cv_path_LD=/opt/gcc-linaro-arm-linux-gnueabihf-4.9/arm-linux-gnueabihf/bin/ld
lt_cv_path_NM=no
lt_cv_path_mainfest_tool=no
lt_cv_prog_compiler_c_o=yes
lt_cv_prog_compiler_pic='-fPIC -DPIC'
lt_cv_prog_compiler_pic_works=yes
lt_cv_prog_compiler_rtti_exceptions=no
lt_cv_prog_compiler_static_works=yes
lt_cv_prog_gnu_ld=yes
lt_cv_sharedlib_from_linklib_cmd='printf %s\n'
lt_cv_sys_global_symbol_pipe='sed -n -e '\''s/^.*[	 ]\([ABCDGIRSTW][ABCDGIRSTW]*\)[	 ][	 ]*\([_A-Za-z][_A-Za-z0-9]*\)$/\1 \2 \2/p'\'' | sed '\''/ __gnu_lto/d'\'''
lt_cv_sys_global_symbol_to_c_name_address='sed -n -e '\''s/^: \([^ ]*\)[ ]*$/  {\"\1\", (void *) 0},/p'\'' -e '\''s/^[ABCDGIRSTW]* \([^ ]*\) \([^ ]*\)$/  {"\2", (void *) \&\2},/p'\'''
lt_cv_sys_global_symbol_to_c_name_address_lib_prefix='sed -n -e '\''s/^: \([^ ]*\)[ ]*$/  {\"\1\", (void *) 0},/p'\'' -e '\''s/^[ABCDGIRSTW]* \([^ ]*\) \(lib[^ ]*\)$/  {"\2", (void *) \&\2},/p'\'' -e '\''s/^[ABCDGIRSTW]* \([^ ]*\) \([^ ]*\)$/  {"lib\2", (void *) \&\2},/p'\'''
lt_cv_sys_global_symbol_to_cdecl='sed -n -e '\''s/^T .* \(.*\)$/extern int \1();/p'\'' -e '\''s/^[ABCDGIRSTW]* .* \(.*\)$/extern char \1;/p'\'''
lt_cv_sys_max_cmd_len=1572864
lt_cv_to_host_file_cmd=func_convert_file_noop
lt_cv_to_tool_file_cmd=func_convert_file_noop

## ----------------- ##
## Output variables. ##
## ----------------- ##

ACLOCAL='${SHELL} /home/kevin/workspace/1.code/gateway/code/Dalitek-IOT-GW/build/arm/uuid/missing aclocal-1.13'
AMDEPBACKSLASH='\'
AMDEP_FALSE='#'
AMDEP_TRUE=''
AMTAR='$${TAR-tar}'
AM_BACKSLASH='\'
AM_DEFAULT_V='$(AM_DEFAULT_VERBOSITY)'
AM_DEFAULT_VERBOSITY='1'
AM_V='$(V)'
AR='ar'
AUTOCONF='${SHELL} /home/kevin/workspace/1.code/gateway/code/Dalitek-IOT-GW/build/arm/uuid/missing autoconf'
AUTOHEADER='${SHELL} /home/kevin/workspace/1.code/gateway/code/Dalitek-IOT-GW/build/arm/uuid/missing autoheader'
AUTOMAKE='${SHELL} /home/kevin/workspace/1.code/gateway/code/Dalitek-IOT-GW/build/arm/uuid/missing automake-1.13'
AWK='gawk'
CC='arm-linux-gnueabihf-gcc'
CCDEPMODE='depmode=gcc3'
CFLAGS='-g -O2'
CPP='arm-linux-gnueabihf-gcc -E'
CPPFLAGS=''
CYGPATH_W='echo'
DEFS='-DHAVE_CONFIG_H'
DEPDIR='.deps'
DLLTOOL='false'
DSYMUTIL=''
DUMPBIN=':'
ECHO_C=''
ECHO_N='-n'
ECHO_T=''
EGREP='/bin/grep -E'
EXEEXT=''
FGREP='/bin/grep -F'
GREP='/bin/grep'
INSTALL_DATA='${INSTALL} -m 644'
INSTALL_PROGRAM='${INSTALL}'
INSTALL_SCRIPT='${INSTALL}'
INSTALL_STRIP_PROGRAM='$(install_sh) -c -s'
LD='/opt/gcc-linaro-arm-linux-gnueabihf-4.9/arm-linux-gnueabihf/bin/ld'
LDFLAGS=''
LIBOBJS=''
LIBS=''
LIBTOOL='$(SHELL) $(top_builddir)/libtool'
LIBUUID_VERSION='1.0.3'
LIBUUID_VERSION_INFO='1:0:0'
LIPO=''
LN_S='ln -s'
LTLIBOBJS=''
MAKEINFO='${SHELL} /home/kevin/workspace/1.code/gateway/code/Dalitek-IOT-GW/build/arm/uuid/missing makeinfo'
MANIFEST_TOOL=':'
MKDIR_P='/bin/mkdir -p'
NM='nm'
NMEDIT=''
OBJDUMP='objdump'
OBJEXT='o'
OTOOL64=''
OTOOL=''
PACKAGE='libuuid'
PACKAGE_BUGREPORT='sloowfranklin@gmail.com'
PACKAGE_NAME='libuuid'
PACKAGE_STRING='libuuid 1.0.3'
PACKAGE_TARNAME='libuuid'
PACKAGE_URL=''
PACKAGE_VERSION='1.0.3'
PATH_SEPARATOR=':'
RANLIB='ranlib'
SED='/bin/sed'
SET_MAKE=''
SHELL='/bin/bash'
SOCKET_LIBS=''
STRIP='strip'
VERSION='1.0.3'
ac_ct_AR='ar'
ac_ct_CC=''
ac_ct_DUMPBIN='link -dump'
am__EXEEXT_FALSE=''
am__EXEEXT_TRUE='#'
am__fastdepCC_FALSE='#'
am__fastdepCC_TRUE=''
am__include='include'
am__isrc=''
am__leading_dot='.'
am__nodep='_no'
am__quote=''
am__tar='$${TAR-tar} chof - "$$tardir"'
am__untar='$${TAR-tar} xf -'
bindir='${exec_prefix}/bin'
build='i686-pc-linux-gnu'
build_alias=''
build_cpu='i686'
build_os='linux-gnu'
build_vendor='pc'
datadir='${datarootdir}'
datarootdir='${prefix}/share'
docdir='${datarootdir}/doc/${PACKAGE_TARNAME}'
dvidir='${docdir}'
exec_prefix='${prefix}'
host='arm-unknown-none'
host_alias='arm'
host_cpu='arm'
host_os='none'
host_vendor='unknown'
htmldir='${docdir}'
includedir='${prefix}/include'
infodir='${datarootdir}/info'
install_sh='${SHELL} /home/kevin/workspace/1.code/gateway/code/Dalitek-IOT-GW/build/arm/uuid/install-sh'
libdir='${exec_prefix}/lib'
libexecdir='${exec_prefix}/libexec'
localedir='${datarootdir}/locale'
localstatedir='${prefix}/var'
mandir='${datarootdir}/man'
mkdir_p='$(MKDIR_P)'
oldincludedir='/usr/include'
pdfdir='${docdir}'
prefix='/home/kevin/workspace/1.code/gateway/code/Dalitek-IOT-GW/build/arm/usr'
program_transform_name='s,x,x,'
psdir='${docdir}'
sbindir='${exec_prefix}/sbin'
sharedstatedir='${prefix}/com'
sysconfdir='${prefix}/etc'
target_alias=''

## ----------- ##
## confdefs.h. ##
## ----------- ##

/* confdefs.h */
#define PACKAGE_NAME "libuuid"
#define PACKAGE_TARNAME "libuuid"
#define PACKAGE_VERSION "1.0.3"
#define PACKAGE_STRING "libuuid 1.0.3"
#define PACKAGE_BUGREPORT "sloowfranklin@gmail.com"
#define PACKAGE_URL ""
#define PACKAGE "libuuid"
#define VERSION "1.0.3"
#define STDC_HEADERS 1
#define HAVE_SYS_TYPES_H 1
#define HAVE_SYS_STAT_H 1
#define HAVE_STDLIB_H 1
#define HAVE_STRING_H 1
#define HAVE_MEMORY_H 1
#define HAVE_STRINGS_H 1
#define HAVE_INTTYPES_H 1
#define HAVE_STDINT_H 1
#define HAVE_UNISTD_H 1
#define HAVE_DLFCN_H 1
#define LT_OBJDIR ".libs/"
#define HAVE_FCNTL_H 1
#define HAVE_INTTYPES_H 1
#define HAVE_LIMITS_H 1
#define HAVE_NETINET_IN_H 1
#define HAVE_STDLIB_H 1
#define HAVE_STRING_H 1
#define HAVE_SYS_FILE_H 1
#define HAVE_SYS_IOCTL_H 1
#define HAVE_SYS_SOCKET_H 1
#define HAVE_SYS_TIME_H 1
#define HAVE_UNISTD_H 1
#define HAVE_DECL__SC_HOST_NAME_MAX 1
#define HAVE_FTRUNCATE 1
#define HAVE_GETTIMEOFDAY 1
#define HAVE_MEMSET 1
#define HAVE_SOCKET 1
#define HAVE_STRTOUL 1
#define HAVE_USLEEP 1
#define HAVE_SRANDOM 1

configure: exit 0
