The system is: Linux - 4.4.0-96-generic - i686
Compiling the C compiler identification source file "CMakeCCompilerId.c" succeeded.
Compiler: /opt/gcc-linaro-arm-linux-gnueabihf-4.9/bin/arm-linux-gnueabihf-gcc 
Build flags: 
Id flags: 

The output was:
0


Compilation of the C compiler identification source "CMakeCCompilerId.c" produced "a.out"

The C compiler identification is GNU, found in "/home/kevin/workspace/1.code/iot-gateway-framework/build/arm/mosquitto/CMakeFiles/2.8.11/CompilerIdC/a.out"

Compiling the CXX compiler identification source file "CMakeCXXCompilerId.cpp" succeeded.
Compiler: /opt/gcc-linaro-arm-linux-gnueabihf-4.9/bin/arm-linux-gnueabihf-g++ 
Build flags: 
Id flags: 

The output was:
0


Compilation of the CXX compiler identification source "CMakeCXXCompilerId.cpp" produced "a.out"

The CXX compiler identification is GNU, found in "/home/kevin/workspace/1.code/iot-gateway-framework/build/arm/mosquitto/CMakeFiles/2.8.11/CompilerIdCXX/a.out"

Determining if the C compiler works passed with the following output:
Change Dir: /home/kevin/workspace/1.code/iot-gateway-framework/build/arm/mosquitto/CMakeFiles/CMakeTmp

Run Build Command:/usr/bin/make "cmTryCompileExec2182738453/fast"
/usr/bin/make -f CMakeFiles/cmTryCompileExec2182738453.dir/build.make CMakeFiles/cmTryCompileExec2182738453.dir/build
make[1]: Entering directory `/home/kevin/workspace/1.code/iot-gateway-framework/build/arm/mosquitto/CMakeFiles/CMakeTmp'
/usr/local/bin/cmake -E cmake_progress_report /home/kevin/workspace/1.code/iot-gateway-framework/build/arm/mosquitto/CMakeFiles/CMakeTmp/CMakeFiles 1
Building C object CMakeFiles/cmTryCompileExec2182738453.dir/testCCompiler.c.o
/opt/gcc-linaro-arm-linux-gnueabihf-4.9/bin/arm-linux-gnueabihf-gcc    -o CMakeFiles/cmTryCompileExec2182738453.dir/testCCompiler.c.o   -c /home/kevin/workspace/1.code/iot-gateway-framework/build/arm/mosquitto/CMakeFiles/CMakeTmp/testCCompiler.c
Linking C executable cmTryCompileExec2182738453
/usr/local/bin/cmake -E cmake_link_script CMakeFiles/cmTryCompileExec2182738453.dir/link.txt --verbose=1
/opt/gcc-linaro-arm-linux-gnueabihf-4.9/bin/arm-linux-gnueabihf-gcc         CMakeFiles/cmTryCompileExec2182738453.dir/testCCompiler.c.o  -o cmTryCompileExec2182738453 -rdynamic 
make[1]: Leaving directory `/home/kevin/workspace/1.code/iot-gateway-framework/build/arm/mosquitto/CMakeFiles/CMakeTmp'


Detecting C compiler ABI info compiled with the following output:
Change Dir: /home/kevin/workspace/1.code/iot-gateway-framework/build/arm/mosquitto/CMakeFiles/CMakeTmp

Run Build Command:/usr/bin/make "cmTryCompileExec3697281903/fast"
/usr/bin/make -f CMakeFiles/cmTryCompileExec3697281903.dir/build.make CMakeFiles/cmTryCompileExec3697281903.dir/build
make[1]: Entering directory `/home/kevin/workspace/1.code/iot-gateway-framework/build/arm/mosquitto/CMakeFiles/CMakeTmp'
/usr/local/bin/cmake -E cmake_progress_report /home/kevin/workspace/1.code/iot-gateway-framework/build/arm/mosquitto/CMakeFiles/CMakeTmp/CMakeFiles 1
Building C object CMakeFiles/cmTryCompileExec3697281903.dir/CMakeCCompilerABI.c.o
/opt/gcc-linaro-arm-linux-gnueabihf-4.9/bin/arm-linux-gnueabihf-gcc    -o CMakeFiles/cmTryCompileExec3697281903.dir/CMakeCCompilerABI.c.o   -c /usr/local/share/cmake-2.8/Modules/CMakeCCompilerABI.c
Linking C executable cmTryCompileExec3697281903
/usr/local/bin/cmake -E cmake_link_script CMakeFiles/cmTryCompileExec3697281903.dir/link.txt --verbose=1
/opt/gcc-linaro-arm-linux-gnueabihf-4.9/bin/arm-linux-gnueabihf-gcc       -v CMakeFiles/cmTryCompileExec3697281903.dir/CMakeCCompilerABI.c.o  -o cmTryCompileExec3697281903 -rdynamic  
Using built-in specs.
COLLECT_GCC=/opt/gcc-linaro-arm-linux-gnueabihf-4.9/bin/arm-linux-gnueabihf-gcc
COLLECT_LTO_WRAPPER=/opt/gcc-linaro-arm-linux-gnueabihf-4.9/bin/../libexec/gcc/arm-linux-gnueabihf/4.9.1/lto-wrapper
Target: arm-linux-gnueabihf
Configured with: /cbuild/slaves/oorts/crosstool-ng/builds/arm-linux-gnueabihf-linux/.build/src/gcc-linaro-4.9-2014.07/configure --build=i686-build_pc-linux-gnu --host=i686-build_pc-linux-gnu --target=arm-linux-gnueabihf --prefix=/cbuild/slaves/oorts/crosstool-ng/builds/arm-linux-gnueabihf-linux/install --with-sysroot=/cbuild/slaves/oorts/crosstool-ng/builds/arm-linux-gnueabihf-linux/install/arm-linux-gnueabihf/libc --enable-languages=c,c++,fortran --disable-multilib --enable-multiarch --with-arch=armv7-a --with-tune=cortex-a9 --with-fpu=vfpv3-d16 --with-float=hard --with-pkgversion='crosstool-NG linaro-1.13.1-4.9-2014.07 - Linaro GCC 4.9-2014.07' --with-bugurl=https://bugs.launchpad.net/gcc-linaro --enable-__cxa_atexit --enable-libmudflap --enable-libgomp --enable-libssp --with-gmp=/cbuild/slaves/oorts/crosstool-ng/builds/arm-linux-gnueabihf-linux/.build/arm-linux-gnueabihf/build/static --with-mpfr=/cbuild/slaves/oorts/crosstool-ng/builds/arm-linux-gnueabihf-linux/.build/arm-linux-gnueabihf/build/static --with-mpc=/cbuild/slaves/oorts/crosstool-ng/builds/arm-linux-gnueabihf-linux/.build/arm-linux-gnueabihf/build/static --with-isl=/cbuild/slaves/oorts/crosstool-ng/builds/arm-linux-gnueabihf-linux/.build/arm-linux-gnueabihf/build/static --with-cloog=/cbuild/slaves/oorts/crosstool-ng/builds/arm-linux-gnueabihf-linux/.build/arm-linux-gnueabihf/build/static --with-libelf=/cbuild/slaves/oorts/crosstool-ng/builds/arm-linux-gnueabihf-linux/.build/arm-linux-gnueabihf/build/static --enable-threads=posix --disable-libstdcxx-pch --enable-linker-build-id --enable-plugin --enable-gold --with-local-prefix=/cbuild/slaves/oorts/crosstool-ng/builds/arm-linux-gnueabihf-linux/install/arm-linux-gnueabihf/libc --enable-c99 --enable-long-long --with-mode=thumb --disable-multilib --with-float=hard
Thread model: posix
gcc version 4.9.1 20140710 (prerelease) (crosstool-NG linaro-1.13.1-4.9-2014.07 - Linaro GCC 4.9-2014.07) 
COMPILER_PATH=/opt/gcc-linaro-arm-linux-gnueabihf-4.9/bin/../libexec/gcc/arm-linux-gnueabihf/4.9.1/:/opt/gcc-linaro-arm-linux-gnueabihf-4.9/bin/../libexec/gcc/arm-linux-gnueabihf/:/opt/gcc-linaro-arm-linux-gnueabihf-4.9/bin/../libexec/gcc/:/opt/gcc-linaro-arm-linux-gnueabihf-4.9/bin/../lib/gcc/arm-linux-gnueabihf/4.9.1/../../../../arm-linux-gnueabihf/bin/
LIBRARY_PATH=/opt/gcc-linaro-arm-linux-gnueabihf-4.9/bin/../lib/gcc/arm-linux-gnueabihf/4.9.1/:/opt/gcc-linaro-arm-linux-gnueabihf-4.9/bin/../lib/gcc/arm-linux-gnueabihf/:/opt/gcc-linaro-arm-linux-gnueabihf-4.9/bin/../lib/gcc/:/opt/gcc-linaro-arm-linux-gnueabihf-4.9/bin/../lib/gcc/arm-linux-gnueabihf/4.9.1/../../../../arm-linux-gnueabihf/lib/:/opt/gcc-linaro-arm-linux-gnueabihf-4.9/bin/../arm-linux-gnueabihf/libc/lib/arm-linux-gnueabihf/:/opt/gcc-linaro-arm-linux-gnueabihf-4.9/bin/../arm-linux-gnueabihf/libc/lib/:/opt/gcc-linaro-arm-linux-gnueabihf-4.9/bin/../arm-linux-gnueabihf/libc/usr/lib/arm-linux-gnueabihf/:/opt/gcc-linaro-arm-linux-gnueabihf-4.9/bin/../arm-linux-gnueabihf/libc/usr/lib/
COLLECT_GCC_OPTIONS='-v' '-o' 'cmTryCompileExec3697281903' '-rdynamic' '-march=armv7-a' '-mtune=cortex-a9' '-mfloat-abi=hard' '-mfpu=vfpv3-d16' '-mthumb' '-mtls-dialect=gnu'
 /opt/gcc-linaro-arm-linux-gnueabihf-4.9/bin/../libexec/gcc/arm-linux-gnueabihf/4.9.1/collect2 --sysroot=/opt/gcc-linaro-arm-linux-gnueabihf-4.9/bin/../arm-linux-gnueabihf/libc --build-id --eh-frame-hdr -export-dynamic -dynamic-linker /lib/ld-linux-armhf.so.3 -X -m armelf_linux_eabi -o cmTryCompileExec3697281903 /opt/gcc-linaro-arm-linux-gnueabihf-4.9/bin/../arm-linux-gnueabihf/libc/usr/lib/arm-linux-gnueabihf/crt1.o /opt/gcc-linaro-arm-linux-gnueabihf-4.9/bin/../arm-linux-gnueabihf/libc/usr/lib/arm-linux-gnueabihf/crti.o /opt/gcc-linaro-arm-linux-gnueabihf-4.9/bin/../lib/gcc/arm-linux-gnueabihf/4.9.1/crtbegin.o -L/opt/gcc-linaro-arm-linux-gnueabihf-4.9/bin/../lib/gcc/arm-linux-gnueabihf/4.9.1 -L/opt/gcc-linaro-arm-linux-gnueabihf-4.9/bin/../lib/gcc/arm-linux-gnueabihf -L/opt/gcc-linaro-arm-linux-gnueabihf-4.9/bin/../lib/gcc -L/opt/gcc-linaro-arm-linux-gnueabihf-4.9/bin/../lib/gcc/arm-linux-gnueabihf/4.9.1/../../../../arm-linux-gnueabihf/lib -L/opt/gcc-linaro-arm-linux-gnueabihf-4.9/bin/../arm-linux-gnueabihf/libc/lib/arm-linux-gnueabihf -L/opt/gcc-linaro-arm-linux-gnueabihf-4.9/bin/../arm-linux-gnueabihf/libc/lib -L/opt/gcc-linaro-arm-linux-gnueabihf-4.9/bin/../arm-linux-gnueabihf/libc/usr/lib/arm-linux-gnueabihf -L/opt/gcc-linaro-arm-linux-gnueabihf-4.9/bin/../arm-linux-gnueabihf/libc/usr/lib CMakeFiles/cmTryCompileExec3697281903.dir/CMakeCCompilerABI.c.o -lgcc --as-needed -lgcc_s --no-as-needed -lc -lgcc --as-needed -lgcc_s --no-as-needed /opt/gcc-linaro-arm-linux-gnueabihf-4.9/bin/../lib/gcc/arm-linux-gnueabihf/4.9.1/crtend.o /opt/gcc-linaro-arm-linux-gnueabihf-4.9/bin/../arm-linux-gnueabihf/libc/usr/lib/arm-linux-gnueabihf/crtn.o
make[1]: Leaving directory `/home/kevin/workspace/1.code/iot-gateway-framework/build/arm/mosquitto/CMakeFiles/CMakeTmp'


Parsed C implicit link information from above output:
  link line regex: [^( *|.*[/\])(ld|ld|collect2)[^/\]*( |$)]
  ignore line: [Change Dir: /home/kevin/workspace/1.code/iot-gateway-framework/build/arm/mosquitto/CMakeFiles/CMakeTmp]
  ignore line: []
  ignore line: [Run Build Command:/usr/bin/make "cmTryCompileExec3697281903/fast"]
  ignore line: [/usr/bin/make -f CMakeFiles/cmTryCompileExec3697281903.dir/build.make CMakeFiles/cmTryCompileExec3697281903.dir/build]
  ignore line: [make[1]: Entering directory `/home/kevin/workspace/1.code/iot-gateway-framework/build/arm/mosquitto/CMakeFiles/CMakeTmp']
  ignore line: [/usr/local/bin/cmake -E cmake_progress_report /home/kevin/workspace/1.code/iot-gateway-framework/build/arm/mosquitto/CMakeFiles/CMakeTmp/CMakeFiles 1]
  ignore line: [Building C object CMakeFiles/cmTryCompileExec3697281903.dir/CMakeCCompilerABI.c.o]
  ignore line: [/opt/gcc-linaro-arm-linux-gnueabihf-4.9/bin/arm-linux-gnueabihf-gcc    -o CMakeFiles/cmTryCompileExec3697281903.dir/CMakeCCompilerABI.c.o   -c /usr/local/share/cmake-2.8/Modules/CMakeCCompilerABI.c]
  ignore line: [Linking C executable cmTryCompileExec3697281903]
  ignore line: [/usr/local/bin/cmake -E cmake_link_script CMakeFiles/cmTryCompileExec3697281903.dir/link.txt --verbose=1]
  ignore line: [/opt/gcc-linaro-arm-linux-gnueabihf-4.9/bin/arm-linux-gnueabihf-gcc       -v CMakeFiles/cmTryCompileExec3697281903.dir/CMakeCCompilerABI.c.o  -o cmTryCompileExec3697281903 -rdynamic  ]
  ignore line: [Using built-in specs.]
  ignore line: [COLLECT_GCC=/opt/gcc-linaro-arm-linux-gnueabihf-4.9/bin/arm-linux-gnueabihf-gcc]
  ignore line: [COLLECT_LTO_WRAPPER=/opt/gcc-linaro-arm-linux-gnueabihf-4.9/bin/../libexec/gcc/arm-linux-gnueabihf/4.9.1/lto-wrapper]
  ignore line: [Target: arm-linux-gnueabihf]
  ignore line: [Configured with: /cbuild/slaves/oorts/crosstool-ng/builds/arm-linux-gnueabihf-linux/.build/src/gcc-linaro-4.9-2014.07/configure --build=i686-build_pc-linux-gnu --host=i686-build_pc-linux-gnu --target=arm-linux-gnueabihf --prefix=/cbuild/slaves/oorts/crosstool-ng/builds/arm-linux-gnueabihf-linux/install --with-sysroot=/cbuild/slaves/oorts/crosstool-ng/builds/arm-linux-gnueabihf-linux/install/arm-linux-gnueabihf/libc --enable-languages=c,c++,fortran --disable-multilib --enable-multiarch --with-arch=armv7-a --with-tune=cortex-a9 --with-fpu=vfpv3-d16 --with-float=hard --with-pkgversion='crosstool-NG linaro-1.13.1-4.9-2014.07 - Linaro GCC 4.9-2014.07' --with-bugurl=https://bugs.launchpad.net/gcc-linaro --enable-__cxa_atexit --enable-libmudflap --enable-libgomp --enable-libssp --with-gmp=/cbuild/slaves/oorts/crosstool-ng/builds/arm-linux-gnueabihf-linux/.build/arm-linux-gnueabihf/build/static --with-mpfr=/cbuild/slaves/oorts/crosstool-ng/builds/arm-linux-gnueabihf-linux/.build/arm-linux-gnueabihf/build/static --with-mpc=/cbuild/slaves/oorts/crosstool-ng/builds/arm-linux-gnueabihf-linux/.build/arm-linux-gnueabihf/build/static --with-isl=/cbuild/slaves/oorts/crosstool-ng/builds/arm-linux-gnueabihf-linux/.build/arm-linux-gnueabihf/build/static --with-cloog=/cbuild/slaves/oorts/crosstool-ng/builds/arm-linux-gnueabihf-linux/.build/arm-linux-gnueabihf/build/static --with-libelf=/cbuild/slaves/oorts/crosstool-ng/builds/arm-linux-gnueabihf-linux/.build/arm-linux-gnueabihf/build/static --enable-threads=posix --disable-libstdcxx-pch --enable-linker-build-id --enable-plugin --enable-gold --with-local-prefix=/cbuild/slaves/oorts/crosstool-ng/builds/arm-linux-gnueabihf-linux/install/arm-linux-gnueabihf/libc --enable-c99 --enable-long-long --with-mode=thumb --disable-multilib --with-float=hard]
  ignore line: [Thread model: posix]
  ignore line: [gcc version 4.9.1 20140710 (prerelease) (crosstool-NG linaro-1.13.1-4.9-2014.07 - Linaro GCC 4.9-2014.07) ]
  ignore line: [COMPILER_PATH=/opt/gcc-linaro-arm-linux-gnueabihf-4.9/bin/../libexec/gcc/arm-linux-gnueabihf/4.9.1/:/opt/gcc-linaro-arm-linux-gnueabihf-4.9/bin/../libexec/gcc/arm-linux-gnueabihf/:/opt/gcc-linaro-arm-linux-gnueabihf-4.9/bin/../libexec/gcc/:/opt/gcc-linaro-arm-linux-gnueabihf-4.9/bin/../lib/gcc/arm-linux-gnueabihf/4.9.1/../../../../arm-linux-gnueabihf/bin/]
  ignore line: [LIBRARY_PATH=/opt/gcc-linaro-arm-linux-gnueabihf-4.9/bin/../lib/gcc/arm-linux-gnueabihf/4.9.1/:/opt/gcc-linaro-arm-linux-gnueabihf-4.9/bin/../lib/gcc/arm-linux-gnueabihf/:/opt/gcc-linaro-arm-linux-gnueabihf-4.9/bin/../lib/gcc/:/opt/gcc-linaro-arm-linux-gnueabihf-4.9/bin/../lib/gcc/arm-linux-gnueabihf/4.9.1/../../../../arm-linux-gnueabihf/lib/:/opt/gcc-linaro-arm-linux-gnueabihf-4.9/bin/../arm-linux-gnueabihf/libc/lib/arm-linux-gnueabihf/:/opt/gcc-linaro-arm-linux-gnueabihf-4.9/bin/../arm-linux-gnueabihf/libc/lib/:/opt/gcc-linaro-arm-linux-gnueabihf-4.9/bin/../arm-linux-gnueabihf/libc/usr/lib/arm-linux-gnueabihf/:/opt/gcc-linaro-arm-linux-gnueabihf-4.9/bin/../arm-linux-gnueabihf/libc/usr/lib/]
  ignore line: [COLLECT_GCC_OPTIONS='-v' '-o' 'cmTryCompileExec3697281903' '-rdynamic' '-march=armv7-a' '-mtune=cortex-a9' '-mfloat-abi=hard' '-mfpu=vfpv3-d16' '-mthumb' '-mtls-dialect=gnu']
  link line: [ /opt/gcc-linaro-arm-linux-gnueabihf-4.9/bin/../libexec/gcc/arm-linux-gnueabihf/4.9.1/collect2 --sysroot=/opt/gcc-linaro-arm-linux-gnueabihf-4.9/bin/../arm-linux-gnueabihf/libc --build-id --eh-frame-hdr -export-dynamic -dynamic-linker /lib/ld-linux-armhf.so.3 -X -m armelf_linux_eabi -o cmTryCompileExec3697281903 /opt/gcc-linaro-arm-linux-gnueabihf-4.9/bin/../arm-linux-gnueabihf/libc/usr/lib/arm-linux-gnueabihf/crt1.o /opt/gcc-linaro-arm-linux-gnueabihf-4.9/bin/../arm-linux-gnueabihf/libc/usr/lib/arm-linux-gnueabihf/crti.o /opt/gcc-linaro-arm-linux-gnueabihf-4.9/bin/../lib/gcc/arm-linux-gnueabihf/4.9.1/crtbegin.o -L/opt/gcc-linaro-arm-linux-gnueabihf-4.9/bin/../lib/gcc/arm-linux-gnueabihf/4.9.1 -L/opt/gcc-linaro-arm-linux-gnueabihf-4.9/bin/../lib/gcc/arm-linux-gnueabihf -L/opt/gcc-linaro-arm-linux-gnueabihf-4.9/bin/../lib/gcc -L/opt/gcc-linaro-arm-linux-gnueabihf-4.9/bin/../lib/gcc/arm-linux-gnueabihf/4.9.1/../../../../arm-linux-gnueabihf/lib -L/opt/gcc-linaro-arm-linux-gnueabihf-4.9/bin/../arm-linux-gnueabihf/libc/lib/arm-linux-gnueabihf -L/opt/gcc-linaro-arm-linux-gnueabihf-4.9/bin/../arm-linux-gnueabihf/libc/lib -L/opt/gcc-linaro-arm-linux-gnueabihf-4.9/bin/../arm-linux-gnueabihf/libc/usr/lib/arm-linux-gnueabihf -L/opt/gcc-linaro-arm-linux-gnueabihf-4.9/bin/../arm-linux-gnueabihf/libc/usr/lib CMakeFiles/cmTryCompileExec3697281903.dir/CMakeCCompilerABI.c.o -lgcc --as-needed -lgcc_s --no-as-needed -lc -lgcc --as-needed -lgcc_s --no-as-needed /opt/gcc-linaro-arm-linux-gnueabihf-4.9/bin/../lib/gcc/arm-linux-gnueabihf/4.9.1/crtend.o /opt/gcc-linaro-arm-linux-gnueabihf-4.9/bin/../arm-linux-gnueabihf/libc/usr/lib/arm-linux-gnueabihf/crtn.o]
    arg [/opt/gcc-linaro-arm-linux-gnueabihf-4.9/bin/../libexec/gcc/arm-linux-gnueabihf/4.9.1/collect2] ==> ignore
    arg [--sysroot=/opt/gcc-linaro-arm-linux-gnueabihf-4.9/bin/../arm-linux-gnueabihf/libc] ==> ignore
    arg [--build-id] ==> ignore
    arg [--eh-frame-hdr] ==> ignore
    arg [-export-dynamic] ==> ignore
    arg [-dynamic-linker] ==> ignore
    arg [/lib/ld-linux-armhf.so.3] ==> ignore
    arg [-X] ==> ignore
    arg [-m] ==> ignore
    arg [armelf_linux_eabi] ==> ignore
    arg [-o] ==> ignore
    arg [cmTryCompileExec3697281903] ==> ignore
    arg [/opt/gcc-linaro-arm-linux-gnueabihf-4.9/bin/../arm-linux-gnueabihf/libc/usr/lib/arm-linux-gnueabihf/crt1.o] ==> ignore
    arg [/opt/gcc-linaro-arm-linux-gnueabihf-4.9/bin/../arm-linux-gnueabihf/libc/usr/lib/arm-linux-gnueabihf/crti.o] ==> ignore
    arg [/opt/gcc-linaro-arm-linux-gnueabihf-4.9/bin/../lib/gcc/arm-linux-gnueabihf/4.9.1/crtbegin.o] ==> ignore
    arg [-L/opt/gcc-linaro-arm-linux-gnueabihf-4.9/bin/../lib/gcc/arm-linux-gnueabihf/4.9.1] ==> dir [/opt/gcc-linaro-arm-linux-gnueabihf-4.9/bin/../lib/gcc/arm-linux-gnueabihf/4.9.1]
    arg [-L/opt/gcc-linaro-arm-linux-gnueabihf-4.9/bin/../lib/gcc/arm-linux-gnueabihf] ==> dir [/opt/gcc-linaro-arm-linux-gnueabihf-4.9/bin/../lib/gcc/arm-linux-gnueabihf]
    arg [-L/opt/gcc-linaro-arm-linux-gnueabihf-4.9/bin/../lib/gcc] ==> dir [/opt/gcc-linaro-arm-linux-gnueabihf-4.9/bin/../lib/gcc]
    arg [-L/opt/gcc-linaro-arm-linux-gnueabihf-4.9/bin/../lib/gcc/arm-linux-gnueabihf/4.9.1/../../../../arm-linux-gnueabihf/lib] ==> dir [/opt/gcc-linaro-arm-linux-gnueabihf-4.9/bin/../lib/gcc/arm-linux-gnueabihf/4.9.1/../../../../arm-linux-gnueabihf/lib]
    arg [-L/opt/gcc-linaro-arm-linux-gnueabihf-4.9/bin/../arm-linux-gnueabihf/libc/lib/arm-linux-gnueabihf] ==> dir [/opt/gcc-linaro-arm-linux-gnueabihf-4.9/bin/../arm-linux-gnueabihf/libc/lib/arm-linux-gnueabihf]
    arg [-L/opt/gcc-linaro-arm-linux-gnueabihf-4.9/bin/../arm-linux-gnueabihf/libc/lib] ==> dir [/opt/gcc-linaro-arm-linux-gnueabihf-4.9/bin/../arm-linux-gnueabihf/libc/lib]
    arg [-L/opt/gcc-linaro-arm-linux-gnueabihf-4.9/bin/../arm-linux-gnueabihf/libc/usr/lib/arm-linux-gnueabihf] ==> dir [/opt/gcc-linaro-arm-linux-gnueabihf-4.9/bin/../arm-linux-gnueabihf/libc/usr/lib/arm-linux-gnueabihf]
    arg [-L/opt/gcc-linaro-arm-linux-gnueabihf-4.9/bin/../arm-linux-gnueabihf/libc/usr/lib] ==> dir [/opt/gcc-linaro-arm-linux-gnueabihf-4.9/bin/../arm-linux-gnueabihf/libc/usr/lib]
    arg [CMakeFiles/cmTryCompileExec3697281903.dir/CMakeCCompilerABI.c.o] ==> ignore
    arg [-lgcc] ==> lib [gcc]
    arg [--as-needed] ==> ignore
    arg [-lgcc_s] ==> lib [gcc_s]
    arg [--no-as-needed] ==> ignore
    arg [-lc] ==> lib [c]
    arg [-lgcc] ==> lib [gcc]
    arg [--as-needed] ==> ignore
    arg [-lgcc_s] ==> lib [gcc_s]
    arg [--no-as-needed] ==> ignore
    arg [/opt/gcc-linaro-arm-linux-gnueabihf-4.9/bin/../lib/gcc/arm-linux-gnueabihf/4.9.1/crtend.o] ==> ignore
    arg [/opt/gcc-linaro-arm-linux-gnueabihf-4.9/bin/../arm-linux-gnueabihf/libc/usr/lib/arm-linux-gnueabihf/crtn.o] ==> ignore
  remove lib [gcc]
  remove lib [gcc_s]
  remove lib [gcc]
  remove lib [gcc_s]
  collapse library dir [/opt/gcc-linaro-arm-linux-gnueabihf-4.9/bin/../lib/gcc/arm-linux-gnueabihf/4.9.1] ==> [/opt/gcc-linaro-arm-linux-gnueabihf-4.9/lib/gcc/arm-linux-gnueabihf/4.9.1]
  collapse library dir [/opt/gcc-linaro-arm-linux-gnueabihf-4.9/bin/../lib/gcc/arm-linux-gnueabihf] ==> [/opt/gcc-linaro-arm-linux-gnueabihf-4.9/lib/gcc/arm-linux-gnueabihf]
  collapse library dir [/opt/gcc-linaro-arm-linux-gnueabihf-4.9/bin/../lib/gcc] ==> [/opt/gcc-linaro-arm-linux-gnueabihf-4.9/lib/gcc]
  collapse library dir [/opt/gcc-linaro-arm-linux-gnueabihf-4.9/bin/../lib/gcc/arm-linux-gnueabihf/4.9.1/../../../../arm-linux-gnueabihf/lib] ==> [/opt/gcc-linaro-arm-linux-gnueabihf-4.9/arm-linux-gnueabihf/lib]
  collapse library dir [/opt/gcc-linaro-arm-linux-gnueabihf-4.9/bin/../arm-linux-gnueabihf/libc/lib/arm-linux-gnueabihf] ==> [/opt/gcc-linaro-arm-linux-gnueabihf-4.9/arm-linux-gnueabihf/libc/lib/arm-linux-gnueabihf]
  collapse library dir [/opt/gcc-linaro-arm-linux-gnueabihf-4.9/bin/../arm-linux-gnueabihf/libc/lib] ==> [/opt/gcc-linaro-arm-linux-gnueabihf-4.9/arm-linux-gnueabihf/libc/lib]
  collapse library dir [/opt/gcc-linaro-arm-linux-gnueabihf-4.9/bin/../arm-linux-gnueabihf/libc/usr/lib/arm-linux-gnueabihf] ==> [/opt/gcc-linaro-arm-linux-gnueabihf-4.9/arm-linux-gnueabihf/libc/usr/lib/arm-linux-gnueabihf]
  collapse library dir [/opt/gcc-linaro-arm-linux-gnueabihf-4.9/bin/../arm-linux-gnueabihf/libc/usr/lib] ==> [/opt/gcc-linaro-arm-linux-gnueabihf-4.9/arm-linux-gnueabihf/libc/usr/lib]
  implicit libs: [c]
  implicit dirs: [/opt/gcc-linaro-arm-linux-gnueabihf-4.9/lib/gcc/arm-linux-gnueabihf/4.9.1;/opt/gcc-linaro-arm-linux-gnueabihf-4.9/lib/gcc/arm-linux-gnueabihf;/opt/gcc-linaro-arm-linux-gnueabihf-4.9/lib/gcc;/opt/gcc-linaro-arm-linux-gnueabihf-4.9/arm-linux-gnueabihf/lib;/opt/gcc-linaro-arm-linux-gnueabihf-4.9/arm-linux-gnueabihf/libc/lib/arm-linux-gnueabihf;/opt/gcc-linaro-arm-linux-gnueabihf-4.9/arm-linux-gnueabihf/libc/lib;/opt/gcc-linaro-arm-linux-gnueabihf-4.9/arm-linux-gnueabihf/libc/usr/lib/arm-linux-gnueabihf;/opt/gcc-linaro-arm-linux-gnueabihf-4.9/arm-linux-gnueabihf/libc/usr/lib]
  implicit fwks: []


Determining if the CXX compiler works passed with the following output:
Change Dir: /home/kevin/workspace/1.code/iot-gateway-framework/build/arm/mosquitto/CMakeFiles/CMakeTmp

Run Build Command:/usr/bin/make "cmTryCompileExec4019337068/fast"
/usr/bin/make -f CMakeFiles/cmTryCompileExec4019337068.dir/build.make CMakeFiles/cmTryCompileExec4019337068.dir/build
make[1]: Entering directory `/home/kevin/workspace/1.code/iot-gateway-framework/build/arm/mosquitto/CMakeFiles/CMakeTmp'
/usr/local/bin/cmake -E cmake_progress_report /home/kevin/workspace/1.code/iot-gateway-framework/build/arm/mosquitto/CMakeFiles/CMakeTmp/CMakeFiles 1
Building CXX object CMakeFiles/cmTryCompileExec4019337068.dir/testCXXCompiler.cxx.o
/opt/gcc-linaro-arm-linux-gnueabihf-4.9/bin/arm-linux-gnueabihf-g++     -o CMakeFiles/cmTryCompileExec4019337068.dir/testCXXCompiler.cxx.o -c /home/kevin/workspace/1.code/iot-gateway-framework/build/arm/mosquitto/CMakeFiles/CMakeTmp/testCXXCompiler.cxx
Linking CXX executable cmTryCompileExec4019337068
/usr/local/bin/cmake -E cmake_link_script CMakeFiles/cmTryCompileExec4019337068.dir/link.txt --verbose=1
/opt/gcc-linaro-arm-linux-gnueabihf-4.9/bin/arm-linux-gnueabihf-g++          CMakeFiles/cmTryCompileExec4019337068.dir/testCXXCompiler.cxx.o  -o cmTryCompileExec4019337068 -rdynamic 
make[1]: Leaving directory `/home/kevin/workspace/1.code/iot-gateway-framework/build/arm/mosquitto/CMakeFiles/CMakeTmp'


Detecting CXX compiler ABI info compiled with the following output:
Change Dir: /home/kevin/workspace/1.code/iot-gateway-framework/build/arm/mosquitto/CMakeFiles/CMakeTmp

Run Build Command:/usr/bin/make "cmTryCompileExec1009759351/fast"
/usr/bin/make -f CMakeFiles/cmTryCompileExec1009759351.dir/build.make CMakeFiles/cmTryCompileExec1009759351.dir/build
make[1]: Entering directory `/home/kevin/workspace/1.code/iot-gateway-framework/build/arm/mosquitto/CMakeFiles/CMakeTmp'
/usr/local/bin/cmake -E cmake_progress_report /home/kevin/workspace/1.code/iot-gateway-framework/build/arm/mosquitto/CMakeFiles/CMakeTmp/CMakeFiles 1
Building CXX object CMakeFiles/cmTryCompileExec1009759351.dir/CMakeCXXCompilerABI.cpp.o
/opt/gcc-linaro-arm-linux-gnueabihf-4.9/bin/arm-linux-gnueabihf-g++     -o CMakeFiles/cmTryCompileExec1009759351.dir/CMakeCXXCompilerABI.cpp.o -c /usr/local/share/cmake-2.8/Modules/CMakeCXXCompilerABI.cpp
Linking CXX executable cmTryCompileExec1009759351
/usr/local/bin/cmake -E cmake_link_script CMakeFiles/cmTryCompileExec1009759351.dir/link.txt --verbose=1
/opt/gcc-linaro-arm-linux-gnueabihf-4.9/bin/arm-linux-gnueabihf-g++        -v CMakeFiles/cmTryCompileExec1009759351.dir/CMakeCXXCompilerABI.cpp.o  -o cmTryCompileExec1009759351 -rdynamic  
Using built-in specs.
COLLECT_GCC=/opt/gcc-linaro-arm-linux-gnueabihf-4.9/bin/arm-linux-gnueabihf-g++
COLLECT_LTO_WRAPPER=/opt/gcc-linaro-arm-linux-gnueabihf-4.9/bin/../libexec/gcc/arm-linux-gnueabihf/4.9.1/lto-wrapper
Target: arm-linux-gnueabihf
Configured with: /cbuild/slaves/oorts/crosstool-ng/builds/arm-linux-gnueabihf-linux/.build/src/gcc-linaro-4.9-2014.07/configure --build=i686-build_pc-linux-gnu --host=i686-build_pc-linux-gnu --target=arm-linux-gnueabihf --prefix=/cbuild/slaves/oorts/crosstool-ng/builds/arm-linux-gnueabihf-linux/install --with-sysroot=/cbuild/slaves/oorts/crosstool-ng/builds/arm-linux-gnueabihf-linux/install/arm-linux-gnueabihf/libc --enable-languages=c,c++,fortran --disable-multilib --enable-multiarch --with-arch=armv7-a --with-tune=cortex-a9 --with-fpu=vfpv3-d16 --with-float=hard --with-pkgversion='crosstool-NG linaro-1.13.1-4.9-2014.07 - Linaro GCC 4.9-2014.07' --with-bugurl=https://bugs.launchpad.net/gcc-linaro --enable-__cxa_atexit --enable-libmudflap --enable-libgomp --enable-libssp --with-gmp=/cbuild/slaves/oorts/crosstool-ng/builds/arm-linux-gnueabihf-linux/.build/arm-linux-gnueabihf/build/static --with-mpfr=/cbuild/slaves/oorts/crosstool-ng/builds/arm-linux-gnueabihf-linux/.build/arm-linux-gnueabihf/build/static --with-mpc=/cbuild/slaves/oorts/crosstool-ng/builds/arm-linux-gnueabihf-linux/.build/arm-linux-gnueabihf/build/static --with-isl=/cbuild/slaves/oorts/crosstool-ng/builds/arm-linux-gnueabihf-linux/.build/arm-linux-gnueabihf/build/static --with-cloog=/cbuild/slaves/oorts/crosstool-ng/builds/arm-linux-gnueabihf-linux/.build/arm-linux-gnueabihf/build/static --with-libelf=/cbuild/slaves/oorts/crosstool-ng/builds/arm-linux-gnueabihf-linux/.build/arm-linux-gnueabihf/build/static --enable-threads=posix --disable-libstdcxx-pch --enable-linker-build-id --enable-plugin --enable-gold --with-local-prefix=/cbuild/slaves/oorts/crosstool-ng/builds/arm-linux-gnueabihf-linux/install/arm-linux-gnueabihf/libc --enable-c99 --enable-long-long --with-mode=thumb --disable-multilib --with-float=hard
Thread model: posix
gcc version 4.9.1 20140710 (prerelease) (crosstool-NG linaro-1.13.1-4.9-2014.07 - Linaro GCC 4.9-2014.07) 
COMPILER_PATH=/opt/gcc-linaro-arm-linux-gnueabihf-4.9/bin/../libexec/gcc/arm-linux-gnueabihf/4.9.1/:/opt/gcc-linaro-arm-linux-gnueabihf-4.9/bin/../libexec/gcc/arm-linux-gnueabihf/:/opt/gcc-linaro-arm-linux-gnueabihf-4.9/bin/../libexec/gcc/:/opt/gcc-linaro-arm-linux-gnueabihf-4.9/bin/../lib/gcc/arm-linux-gnueabihf/4.9.1/../../../../arm-linux-gnueabihf/bin/
LIBRARY_PATH=/opt/gcc-linaro-arm-linux-gnueabihf-4.9/bin/../lib/gcc/arm-linux-gnueabihf/4.9.1/:/opt/gcc-linaro-arm-linux-gnueabihf-4.9/bin/../lib/gcc/arm-linux-gnueabihf/:/opt/gcc-linaro-arm-linux-gnueabihf-4.9/bin/../lib/gcc/:/opt/gcc-linaro-arm-linux-gnueabihf-4.9/bin/../lib/gcc/arm-linux-gnueabihf/4.9.1/../../../../arm-linux-gnueabihf/lib/:/opt/gcc-linaro-arm-linux-gnueabihf-4.9/bin/../arm-linux-gnueabihf/libc/lib/arm-linux-gnueabihf/:/opt/gcc-linaro-arm-linux-gnueabihf-4.9/bin/../arm-linux-gnueabihf/libc/lib/:/opt/gcc-linaro-arm-linux-gnueabihf-4.9/bin/../arm-linux-gnueabihf/libc/usr/lib/arm-linux-gnueabihf/:/opt/gcc-linaro-arm-linux-gnueabihf-4.9/bin/../arm-linux-gnueabihf/libc/usr/lib/
COLLECT_GCC_OPTIONS='-v' '-o' 'cmTryCompileExec1009759351' '-rdynamic' '-shared-libgcc' '-march=armv7-a' '-mtune=cortex-a9' '-mfloat-abi=hard' '-mfpu=vfpv3-d16' '-mthumb' '-mtls-dialect=gnu'
 /opt/gcc-linaro-arm-linux-gnueabihf-4.9/bin/../libexec/gcc/arm-linux-gnueabihf/4.9.1/collect2 --sysroot=/opt/gcc-linaro-arm-linux-gnueabihf-4.9/bin/../arm-linux-gnueabihf/libc --build-id --eh-frame-hdr -export-dynamic -dynamic-linker /lib/ld-linux-armhf.so.3 -X -m armelf_linux_eabi -o cmTryCompileExec1009759351 /opt/gcc-linaro-arm-linux-gnueabihf-4.9/bin/../arm-linux-gnueabihf/libc/usr/lib/arm-linux-gnueabihf/crt1.o /opt/gcc-linaro-arm-linux-gnueabihf-4.9/bin/../arm-linux-gnueabihf/libc/usr/lib/arm-linux-gnueabihf/crti.o /opt/gcc-linaro-arm-linux-gnueabihf-4.9/bin/../lib/gcc/arm-linux-gnueabihf/4.9.1/crtbegin.o -L/opt/gcc-linaro-arm-linux-gnueabihf-4.9/bin/../lib/gcc/arm-linux-gnueabihf/4.9.1 -L/opt/gcc-linaro-arm-linux-gnueabihf-4.9/bin/../lib/gcc/arm-linux-gnueabihf -L/opt/gcc-linaro-arm-linux-gnueabihf-4.9/bin/../lib/gcc -L/opt/gcc-linaro-arm-linux-gnueabihf-4.9/bin/../lib/gcc/arm-linux-gnueabihf/4.9.1/../../../../arm-linux-gnueabihf/lib -L/opt/gcc-linaro-arm-linux-gnueabihf-4.9/bin/../arm-linux-gnueabihf/libc/lib/arm-linux-gnueabihf -L/opt/gcc-linaro-arm-linux-gnueabihf-4.9/bin/../arm-linux-gnueabihf/libc/lib -L/opt/gcc-linaro-arm-linux-gnueabihf-4.9/bin/../arm-linux-gnueabihf/libc/usr/lib/arm-linux-gnueabihf -L/opt/gcc-linaro-arm-linux-gnueabihf-4.9/bin/../arm-linux-gnueabihf/libc/usr/lib CMakeFiles/cmTryCompileExec1009759351.dir/CMakeCXXCompilerABI.cpp.o -lstdc++ -lm -lgcc_s -lgcc -lc -lgcc_s -lgcc /opt/gcc-linaro-arm-linux-gnueabihf-4.9/bin/../lib/gcc/arm-linux-gnueabihf/4.9.1/crtend.o /opt/gcc-linaro-arm-linux-gnueabihf-4.9/bin/../arm-linux-gnueabihf/libc/usr/lib/arm-linux-gnueabihf/crtn.o
make[1]: Leaving directory `/home/kevin/workspace/1.code/iot-gateway-framework/build/arm/mosquitto/CMakeFiles/CMakeTmp'


Parsed CXX implicit link information from above output:
  link line regex: [^( *|.*[/\])(ld|ld|collect2)[^/\]*( |$)]
  ignore line: [Change Dir: /home/kevin/workspace/1.code/iot-gateway-framework/build/arm/mosquitto/CMakeFiles/CMakeTmp]
  ignore line: []
  ignore line: [Run Build Command:/usr/bin/make "cmTryCompileExec1009759351/fast"]
  ignore line: [/usr/bin/make -f CMakeFiles/cmTryCompileExec1009759351.dir/build.make CMakeFiles/cmTryCompileExec1009759351.dir/build]
  ignore line: [make[1]: Entering directory `/home/kevin/workspace/1.code/iot-gateway-framework/build/arm/mosquitto/CMakeFiles/CMakeTmp']
  ignore line: [/usr/local/bin/cmake -E cmake_progress_report /home/kevin/workspace/1.code/iot-gateway-framework/build/arm/mosquitto/CMakeFiles/CMakeTmp/CMakeFiles 1]
  ignore line: [Building CXX object CMakeFiles/cmTryCompileExec1009759351.dir/CMakeCXXCompilerABI.cpp.o]
  ignore line: [/opt/gcc-linaro-arm-linux-gnueabihf-4.9/bin/arm-linux-gnueabihf-g++     -o CMakeFiles/cmTryCompileExec1009759351.dir/CMakeCXXCompilerABI.cpp.o -c /usr/local/share/cmake-2.8/Modules/CMakeCXXCompilerABI.cpp]
  ignore line: [Linking CXX executable cmTryCompileExec1009759351]
  ignore line: [/usr/local/bin/cmake -E cmake_link_script CMakeFiles/cmTryCompileExec1009759351.dir/link.txt --verbose=1]
  ignore line: [/opt/gcc-linaro-arm-linux-gnueabihf-4.9/bin/arm-linux-gnueabihf-g++        -v CMakeFiles/cmTryCompileExec1009759351.dir/CMakeCXXCompilerABI.cpp.o  -o cmTryCompileExec1009759351 -rdynamic  ]
  ignore line: [Using built-in specs.]
  ignore line: [COLLECT_GCC=/opt/gcc-linaro-arm-linux-gnueabihf-4.9/bin/arm-linux-gnueabihf-g++]
  ignore line: [COLLECT_LTO_WRAPPER=/opt/gcc-linaro-arm-linux-gnueabihf-4.9/bin/../libexec/gcc/arm-linux-gnueabihf/4.9.1/lto-wrapper]
  ignore line: [Target: arm-linux-gnueabihf]
  ignore line: [Configured with: /cbuild/slaves/oorts/crosstool-ng/builds/arm-linux-gnueabihf-linux/.build/src/gcc-linaro-4.9-2014.07/configure --build=i686-build_pc-linux-gnu --host=i686-build_pc-linux-gnu --target=arm-linux-gnueabihf --prefix=/cbuild/slaves/oorts/crosstool-ng/builds/arm-linux-gnueabihf-linux/install --with-sysroot=/cbuild/slaves/oorts/crosstool-ng/builds/arm-linux-gnueabihf-linux/install/arm-linux-gnueabihf/libc --enable-languages=c,c++,fortran --disable-multilib --enable-multiarch --with-arch=armv7-a --with-tune=cortex-a9 --with-fpu=vfpv3-d16 --with-float=hard --with-pkgversion='crosstool-NG linaro-1.13.1-4.9-2014.07 - Linaro GCC 4.9-2014.07' --with-bugurl=https://bugs.launchpad.net/gcc-linaro --enable-__cxa_atexit --enable-libmudflap --enable-libgomp --enable-libssp --with-gmp=/cbuild/slaves/oorts/crosstool-ng/builds/arm-linux-gnueabihf-linux/.build/arm-linux-gnueabihf/build/static --with-mpfr=/cbuild/slaves/oorts/crosstool-ng/builds/arm-linux-gnueabihf-linux/.build/arm-linux-gnueabihf/build/static --with-mpc=/cbuild/slaves/oorts/crosstool-ng/builds/arm-linux-gnueabihf-linux/.build/arm-linux-gnueabihf/build/static --with-isl=/cbuild/slaves/oorts/crosstool-ng/builds/arm-linux-gnueabihf-linux/.build/arm-linux-gnueabihf/build/static --with-cloog=/cbuild/slaves/oorts/crosstool-ng/builds/arm-linux-gnueabihf-linux/.build/arm-linux-gnueabihf/build/static --with-libelf=/cbuild/slaves/oorts/crosstool-ng/builds/arm-linux-gnueabihf-linux/.build/arm-linux-gnueabihf/build/static --enable-threads=posix --disable-libstdcxx-pch --enable-linker-build-id --enable-plugin --enable-gold --with-local-prefix=/cbuild/slaves/oorts/crosstool-ng/builds/arm-linux-gnueabihf-linux/install/arm-linux-gnueabihf/libc --enable-c99 --enable-long-long --with-mode=thumb --disable-multilib --with-float=hard]
  ignore line: [Thread model: posix]
  ignore line: [gcc version 4.9.1 20140710 (prerelease) (crosstool-NG linaro-1.13.1-4.9-2014.07 - Linaro GCC 4.9-2014.07) ]
  ignore line: [COMPILER_PATH=/opt/gcc-linaro-arm-linux-gnueabihf-4.9/bin/../libexec/gcc/arm-linux-gnueabihf/4.9.1/:/opt/gcc-linaro-arm-linux-gnueabihf-4.9/bin/../libexec/gcc/arm-linux-gnueabihf/:/opt/gcc-linaro-arm-linux-gnueabihf-4.9/bin/../libexec/gcc/:/opt/gcc-linaro-arm-linux-gnueabihf-4.9/bin/../lib/gcc/arm-linux-gnueabihf/4.9.1/../../../../arm-linux-gnueabihf/bin/]
  ignore line: [LIBRARY_PATH=/opt/gcc-linaro-arm-linux-gnueabihf-4.9/bin/../lib/gcc/arm-linux-gnueabihf/4.9.1/:/opt/gcc-linaro-arm-linux-gnueabihf-4.9/bin/../lib/gcc/arm-linux-gnueabihf/:/opt/gcc-linaro-arm-linux-gnueabihf-4.9/bin/../lib/gcc/:/opt/gcc-linaro-arm-linux-gnueabihf-4.9/bin/../lib/gcc/arm-linux-gnueabihf/4.9.1/../../../../arm-linux-gnueabihf/lib/:/opt/gcc-linaro-arm-linux-gnueabihf-4.9/bin/../arm-linux-gnueabihf/libc/lib/arm-linux-gnueabihf/:/opt/gcc-linaro-arm-linux-gnueabihf-4.9/bin/../arm-linux-gnueabihf/libc/lib/:/opt/gcc-linaro-arm-linux-gnueabihf-4.9/bin/../arm-linux-gnueabihf/libc/usr/lib/arm-linux-gnueabihf/:/opt/gcc-linaro-arm-linux-gnueabihf-4.9/bin/../arm-linux-gnueabihf/libc/usr/lib/]
  ignore line: [COLLECT_GCC_OPTIONS='-v' '-o' 'cmTryCompileExec1009759351' '-rdynamic' '-shared-libgcc' '-march=armv7-a' '-mtune=cortex-a9' '-mfloat-abi=hard' '-mfpu=vfpv3-d16' '-mthumb' '-mtls-dialect=gnu']
  link line: [ /opt/gcc-linaro-arm-linux-gnueabihf-4.9/bin/../libexec/gcc/arm-linux-gnueabihf/4.9.1/collect2 --sysroot=/opt/gcc-linaro-arm-linux-gnueabihf-4.9/bin/../arm-linux-gnueabihf/libc --build-id --eh-frame-hdr -export-dynamic -dynamic-linker /lib/ld-linux-armhf.so.3 -X -m armelf_linux_eabi -o cmTryCompileExec1009759351 /opt/gcc-linaro-arm-linux-gnueabihf-4.9/bin/../arm-linux-gnueabihf/libc/usr/lib/arm-linux-gnueabihf/crt1.o /opt/gcc-linaro-arm-linux-gnueabihf-4.9/bin/../arm-linux-gnueabihf/libc/usr/lib/arm-linux-gnueabihf/crti.o /opt/gcc-linaro-arm-linux-gnueabihf-4.9/bin/../lib/gcc/arm-linux-gnueabihf/4.9.1/crtbegin.o -L/opt/gcc-linaro-arm-linux-gnueabihf-4.9/bin/../lib/gcc/arm-linux-gnueabihf/4.9.1 -L/opt/gcc-linaro-arm-linux-gnueabihf-4.9/bin/../lib/gcc/arm-linux-gnueabihf -L/opt/gcc-linaro-arm-linux-gnueabihf-4.9/bin/../lib/gcc -L/opt/gcc-linaro-arm-linux-gnueabihf-4.9/bin/../lib/gcc/arm-linux-gnueabihf/4.9.1/../../../../arm-linux-gnueabihf/lib -L/opt/gcc-linaro-arm-linux-gnueabihf-4.9/bin/../arm-linux-gnueabihf/libc/lib/arm-linux-gnueabihf -L/opt/gcc-linaro-arm-linux-gnueabihf-4.9/bin/../arm-linux-gnueabihf/libc/lib -L/opt/gcc-linaro-arm-linux-gnueabihf-4.9/bin/../arm-linux-gnueabihf/libc/usr/lib/arm-linux-gnueabihf -L/opt/gcc-linaro-arm-linux-gnueabihf-4.9/bin/../arm-linux-gnueabihf/libc/usr/lib CMakeFiles/cmTryCompileExec1009759351.dir/CMakeCXXCompilerABI.cpp.o -lstdc++ -lm -lgcc_s -lgcc -lc -lgcc_s -lgcc /opt/gcc-linaro-arm-linux-gnueabihf-4.9/bin/../lib/gcc/arm-linux-gnueabihf/4.9.1/crtend.o /opt/gcc-linaro-arm-linux-gnueabihf-4.9/bin/../arm-linux-gnueabihf/libc/usr/lib/arm-linux-gnueabihf/crtn.o]
    arg [/opt/gcc-linaro-arm-linux-gnueabihf-4.9/bin/../libexec/gcc/arm-linux-gnueabihf/4.9.1/collect2] ==> ignore
    arg [--sysroot=/opt/gcc-linaro-arm-linux-gnueabihf-4.9/bin/../arm-linux-gnueabihf/libc] ==> ignore
    arg [--build-id] ==> ignore
    arg [--eh-frame-hdr] ==> ignore
    arg [-export-dynamic] ==> ignore
    arg [-dynamic-linker] ==> ignore
    arg [/lib/ld-linux-armhf.so.3] ==> ignore
    arg [-X] ==> ignore
    arg [-m] ==> ignore
    arg [armelf_linux_eabi] ==> ignore
    arg [-o] ==> ignore
    arg [cmTryCompileExec1009759351] ==> ignore
    arg [/opt/gcc-linaro-arm-linux-gnueabihf-4.9/bin/../arm-linux-gnueabihf/libc/usr/lib/arm-linux-gnueabihf/crt1.o] ==> ignore
    arg [/opt/gcc-linaro-arm-linux-gnueabihf-4.9/bin/../arm-linux-gnueabihf/libc/usr/lib/arm-linux-gnueabihf/crti.o] ==> ignore
    arg [/opt/gcc-linaro-arm-linux-gnueabihf-4.9/bin/../lib/gcc/arm-linux-gnueabihf/4.9.1/crtbegin.o] ==> ignore
    arg [-L/opt/gcc-linaro-arm-linux-gnueabihf-4.9/bin/../lib/gcc/arm-linux-gnueabihf/4.9.1] ==> dir [/opt/gcc-linaro-arm-linux-gnueabihf-4.9/bin/../lib/gcc/arm-linux-gnueabihf/4.9.1]
    arg [-L/opt/gcc-linaro-arm-linux-gnueabihf-4.9/bin/../lib/gcc/arm-linux-gnueabihf] ==> dir [/opt/gcc-linaro-arm-linux-gnueabihf-4.9/bin/../lib/gcc/arm-linux-gnueabihf]
    arg [-L/opt/gcc-linaro-arm-linux-gnueabihf-4.9/bin/../lib/gcc] ==> dir [/opt/gcc-linaro-arm-linux-gnueabihf-4.9/bin/../lib/gcc]
    arg [-L/opt/gcc-linaro-arm-linux-gnueabihf-4.9/bin/../lib/gcc/arm-linux-gnueabihf/4.9.1/../../../../arm-linux-gnueabihf/lib] ==> dir [/opt/gcc-linaro-arm-linux-gnueabihf-4.9/bin/../lib/gcc/arm-linux-gnueabihf/4.9.1/../../../../arm-linux-gnueabihf/lib]
    arg [-L/opt/gcc-linaro-arm-linux-gnueabihf-4.9/bin/../arm-linux-gnueabihf/libc/lib/arm-linux-gnueabihf] ==> dir [/opt/gcc-linaro-arm-linux-gnueabihf-4.9/bin/../arm-linux-gnueabihf/libc/lib/arm-linux-gnueabihf]
    arg [-L/opt/gcc-linaro-arm-linux-gnueabihf-4.9/bin/../arm-linux-gnueabihf/libc/lib] ==> dir [/opt/gcc-linaro-arm-linux-gnueabihf-4.9/bin/../arm-linux-gnueabihf/libc/lib]
    arg [-L/opt/gcc-linaro-arm-linux-gnueabihf-4.9/bin/../arm-linux-gnueabihf/libc/usr/lib/arm-linux-gnueabihf] ==> dir [/opt/gcc-linaro-arm-linux-gnueabihf-4.9/bin/../arm-linux-gnueabihf/libc/usr/lib/arm-linux-gnueabihf]
    arg [-L/opt/gcc-linaro-arm-linux-gnueabihf-4.9/bin/../arm-linux-gnueabihf/libc/usr/lib] ==> dir [/opt/gcc-linaro-arm-linux-gnueabihf-4.9/bin/../arm-linux-gnueabihf/libc/usr/lib]
    arg [CMakeFiles/cmTryCompileExec1009759351.dir/CMakeCXXCompilerABI.cpp.o] ==> ignore
    arg [-lstdc++] ==> lib [stdc++]
    arg [-lm] ==> lib [m]
    arg [-lgcc_s] ==> lib [gcc_s]
    arg [-lgcc] ==> lib [gcc]
    arg [-lc] ==> lib [c]
    arg [-lgcc_s] ==> lib [gcc_s]
    arg [-lgcc] ==> lib [gcc]
    arg [/opt/gcc-linaro-arm-linux-gnueabihf-4.9/bin/../lib/gcc/arm-linux-gnueabihf/4.9.1/crtend.o] ==> ignore
    arg [/opt/gcc-linaro-arm-linux-gnueabihf-4.9/bin/../arm-linux-gnueabihf/libc/usr/lib/arm-linux-gnueabihf/crtn.o] ==> ignore
  remove lib [gcc_s]
  remove lib [gcc]
  remove lib [gcc_s]
  remove lib [gcc]
  collapse library dir [/opt/gcc-linaro-arm-linux-gnueabihf-4.9/bin/../lib/gcc/arm-linux-gnueabihf/4.9.1] ==> [/opt/gcc-linaro-arm-linux-gnueabihf-4.9/lib/gcc/arm-linux-gnueabihf/4.9.1]
  collapse library dir [/opt/gcc-linaro-arm-linux-gnueabihf-4.9/bin/../lib/gcc/arm-linux-gnueabihf] ==> [/opt/gcc-linaro-arm-linux-gnueabihf-4.9/lib/gcc/arm-linux-gnueabihf]
  collapse library dir [/opt/gcc-linaro-arm-linux-gnueabihf-4.9/bin/../lib/gcc] ==> [/opt/gcc-linaro-arm-linux-gnueabihf-4.9/lib/gcc]
  collapse library dir [/opt/gcc-linaro-arm-linux-gnueabihf-4.9/bin/../lib/gcc/arm-linux-gnueabihf/4.9.1/../../../../arm-linux-gnueabihf/lib] ==> [/opt/gcc-linaro-arm-linux-gnueabihf-4.9/arm-linux-gnueabihf/lib]
  collapse library dir [/opt/gcc-linaro-arm-linux-gnueabihf-4.9/bin/../arm-linux-gnueabihf/libc/lib/arm-linux-gnueabihf] ==> [/opt/gcc-linaro-arm-linux-gnueabihf-4.9/arm-linux-gnueabihf/libc/lib/arm-linux-gnueabihf]
  collapse library dir [/opt/gcc-linaro-arm-linux-gnueabihf-4.9/bin/../arm-linux-gnueabihf/libc/lib] ==> [/opt/gcc-linaro-arm-linux-gnueabihf-4.9/arm-linux-gnueabihf/libc/lib]
  collapse library dir [/opt/gcc-linaro-arm-linux-gnueabihf-4.9/bin/../arm-linux-gnueabihf/libc/usr/lib/arm-linux-gnueabihf] ==> [/opt/gcc-linaro-arm-linux-gnueabihf-4.9/arm-linux-gnueabihf/libc/usr/lib/arm-linux-gnueabihf]
  collapse library dir [/opt/gcc-linaro-arm-linux-gnueabihf-4.9/bin/../arm-linux-gnueabihf/libc/usr/lib] ==> [/opt/gcc-linaro-arm-linux-gnueabihf-4.9/arm-linux-gnueabihf/libc/usr/lib]
  implicit libs: [stdc++;m;c]
  implicit dirs: [/opt/gcc-linaro-arm-linux-gnueabihf-4.9/lib/gcc/arm-linux-gnueabihf/4.9.1;/opt/gcc-linaro-arm-linux-gnueabihf-4.9/lib/gcc/arm-linux-gnueabihf;/opt/gcc-linaro-arm-linux-gnueabihf-4.9/lib/gcc;/opt/gcc-linaro-arm-linux-gnueabihf-4.9/arm-linux-gnueabihf/lib;/opt/gcc-linaro-arm-linux-gnueabihf-4.9/arm-linux-gnueabihf/libc/lib/arm-linux-gnueabihf;/opt/gcc-linaro-arm-linux-gnueabihf-4.9/arm-linux-gnueabihf/libc/lib;/opt/gcc-linaro-arm-linux-gnueabihf-4.9/arm-linux-gnueabihf/libc/usr/lib/arm-linux-gnueabihf;/opt/gcc-linaro-arm-linux-gnueabihf-4.9/arm-linux-gnueabihf/libc/usr/lib]
  implicit fwks: []


Determining if the function getaddrinfo_a exists in the anl passed with the following output:
Change Dir: /home/kevin/workspace/1.code/iot-gateway-framework/build/arm/mosquitto/CMakeFiles/CMakeTmp

Run Build Command:/usr/bin/make "cmTryCompileExec3053842919/fast"
/usr/bin/make -f CMakeFiles/cmTryCompileExec3053842919.dir/build.make CMakeFiles/cmTryCompileExec3053842919.dir/build
make[1]: Entering directory `/home/kevin/workspace/1.code/iot-gateway-framework/build/arm/mosquitto/CMakeFiles/CMakeTmp'
/usr/local/bin/cmake -E cmake_progress_report /home/kevin/workspace/1.code/iot-gateway-framework/build/arm/mosquitto/CMakeFiles/CMakeTmp/CMakeFiles 1
Building C object CMakeFiles/cmTryCompileExec3053842919.dir/CheckFunctionExists.c.o
/opt/gcc-linaro-arm-linux-gnueabihf-4.9/bin/arm-linux-gnueabihf-gcc   -DCHECK_FUNCTION_EXISTS=getaddrinfo_a   -o CMakeFiles/cmTryCompileExec3053842919.dir/CheckFunctionExists.c.o   -c /usr/local/share/cmake-2.8/Modules/CheckFunctionExists.c
Linking C executable cmTryCompileExec3053842919
/usr/local/bin/cmake -E cmake_link_script CMakeFiles/cmTryCompileExec3053842919.dir/link.txt --verbose=1
/opt/gcc-linaro-arm-linux-gnueabihf-4.9/bin/arm-linux-gnueabihf-gcc     -DCHECK_FUNCTION_EXISTS=getaddrinfo_a    CMakeFiles/cmTryCompileExec3053842919.dir/CheckFunctionExists.c.o  -o cmTryCompileExec3053842919 -rdynamic -lanl 
make[1]: Leaving directory `/home/kevin/workspace/1.code/iot-gateway-framework/build/arm/mosquitto/CMakeFiles/CMakeTmp'


